FIFO run 1 ************************************

4 is going to be paged in

4 
3 is going to be paged in

4 3 
2 is going to be paged in

4 3 2 
1 is going to be paged in

4 3 2 1 
4 evicted
0 is going to be paged in

3 2 1 0 
3 evicted
6 is going to be paged in

2 1 0 6 
2 evicted
4 is going to be paged in

1 0 6 4 
1 evicted
3 is going to be paged in

0 6 4 3 
0 evicted
5 is going to be paged in

6 4 3 5 
6 evicted
7 is going to be paged in

4 3 5 7 
4 evicted
6 is going to be paged in

3 5 7 6 
3 evicted
4 is going to be paged in

5 7 6 4 
5 evicted
3 is going to be paged in

7 6 4 3 
7 evicted
2 is going to be paged in

6 4 3 2 
6 evicted
1 is going to be paged in

4 3 2 1 
4 evicted
0 is going to be paged in

3 2 1 0 
3 evicted
4 is going to be paged in

2 1 0 4 
2 evicted
8 is going to be paged in

1 0 4 8 
1 evicted
7 is going to be paged in

0 4 8 7 
0 evicted
6 is going to be paged in

4 8 7 6 
4 evicted
3 is going to be paged in

8 7 6 3 
8 evicted
2 is going to be paged in

7 6 3 2 
7 evicted
1 is going to be paged in

6 3 2 1 
6 evicted
0 is going to be paged in

3 2 1 0 
3 evicted
7 is going to be paged in

2 1 0 7 
2 evicted
6 is going to be paged in

1 0 7 6 
1 evicted
5 is going to be paged in

0 7 6 5 
0 evicted
3 is going to be paged in

7 6 5 3 
7 evicted
2 is going to be paged in

6 5 3 2 
6 evicted
1 is going to be paged in

5 3 2 1 
5 evicted
0 is going to be paged in

3 2 1 0 
3 evicted
5 is going to be paged in

2 1 0 5 
2 evicted
4 is going to be paged in

1 0 5 4 
1 evicted
3 is going to be paged in

0 5 4 3 
0 evicted
2 is going to be paged in

5 4 3 2 
5 evicted
7 is going to be paged in

4 3 2 7 
4 evicted
6 is going to be paged in

3 2 7 6 
3 evicted
8 is going to be paged in

2 7 6 8 
2 evicted
5 is going to be paged in

7 6 8 5 
7 evicted
3 is going to be paged in

6 8 5 3 
6 evicted
2 is going to be paged in

8 5 3 2 
8 evicted
1 is going to be paged in

5 3 2 1 
5 evicted
0 is going to be paged in

FIFO run 2 ************************************
3 2 1 0 
3 evicted
6 is going to be paged in

2 1 0 6 
2 evicted
5 is going to be paged in

1 0 6 5 
1 evicted
4 is going to be paged in

0 6 5 4 
0 evicted
8 is going to be paged in

6 5 4 8 
6 evicted
7 is going to be paged in

5 4 8 7 
5 evicted
1 is going to be paged in

4 8 7 1 
4 evicted
0 is going to be paged in

8 7 1 0 
8 evicted
3 is going to be paged in

7 1 0 3 
7 evicted
6 is going to be paged in

1 0 3 6 
1 evicted
5 is going to be paged in

0 3 6 5 
0 evicted
4 is going to be paged in

3 6 5 4 
3 evicted
2 is going to be paged in

6 5 4 2 
6 evicted
1 is going to be paged in

5 4 2 1 
5 evicted
3 is going to be paged in

4 2 1 3 
4 evicted
7 is going to be paged in

2 1 3 7 
2 evicted
6 is going to be paged in

1 3 7 6 
1 evicted
5 is going to be paged in

3 7 6 5 
3 evicted
4 is going to be paged in

7 6 5 4 
7 evicted
0 is going to be paged in

6 5 4 0 
6 evicted
7 is going to be paged in

5 4 0 7 
5 evicted
6 is going to be paged in

4 0 7 6 
4 evicted
5 is going to be paged in

0 7 6 5 
0 evicted
8 is going to be paged in

7 6 5 8 
7 evicted
3 is going to be paged in

6 5 8 3 
6 evicted
4 is going to be paged in

5 8 3 4 
5 evicted
1 is going to be paged in

8 3 4 1 
8 evicted
0 is going to be paged in

3 4 1 0 
3 evicted
2 is going to be paged in

4 1 0 2 
4 evicted
8 is going to be paged in

1 0 2 8 
1 evicted
4 is going to be paged in

0 2 8 4 
0 evicted
3 is going to be paged in

2 8 4 3 
2 evicted
1 is going to be paged in

8 4 3 1 
8 evicted
0 is going to be paged in

FIFO run 3 ************************************
4 3 1 0 
4 evicted
7 is going to be paged in

3 1 0 7 
3 evicted
6 is going to be paged in

1 0 7 6 
1 evicted
5 is going to be paged in

0 7 6 5 
0 evicted
4 is going to be paged in

7 6 5 4 
7 evicted
8 is going to be paged in

6 5 4 8 
6 evicted
7 is going to be paged in

5 4 8 7 
5 evicted
1 is going to be paged in

4 8 7 1 
4 evicted
6 is going to be paged in

8 7 1 6 
8 evicted
3 is going to be paged in

7 1 6 3 
7 evicted
2 is going to be paged in

1 6 3 2 
1 evicted
8 is going to be paged in

6 3 2 8 
6 evicted
7 is going to be paged in

3 2 8 7 
3 evicted
6 is going to be paged in

2 8 7 6 
2 evicted
5 is going to be paged in

8 7 6 5 
8 evicted
4 is going to be paged in

7 6 5 4 
7 evicted
3 is going to be paged in

6 5 4 3 
6 evicted
2 is going to be paged in

5 4 3 2 
5 evicted
1 is going to be paged in

4 3 2 1 
4 evicted
0 is going to be paged in

3 2 1 0 
3 evicted
7 is going to be paged in

2 1 0 7 
2 evicted
6 is going to be paged in

1 0 7 6 
1 evicted
5 is going to be paged in

0 7 6 5 
0 evicted
3 is going to be paged in

7 6 5 3 
7 evicted
2 is going to be paged in

6 5 3 2 
6 evicted
1 is going to be paged in

5 3 2 1 
5 evicted
0 is going to be paged in

3 2 1 0 
3 evicted
4 is going to be paged in

2 1 0 4 
2 evicted
7 is going to be paged in

1 0 4 7 
1 evicted
6 is going to be paged in

0 4 7 6 
0 evicted
2 is going to be paged in

4 7 6 2 
4 evicted
1 is going to be paged in

7 6 2 1 
7 evicted
4 is going to be paged in

6 2 1 4 
6 evicted
7 is going to be paged in

2 1 4 7 
2 evicted
6 is going to be paged in

1 4 7 6 
1 evicted
5 is going to be paged in

4 7 6 5 
4 evicted
3 is going to be paged in

7 6 5 3 
7 evicted
2 is going to be paged in

6 5 3 2 
6 evicted
1 is going to be paged in

5 3 2 1 
5 evicted
0 is going to be paged in

3 2 1 0 
3 evicted
6 is going to be paged in

2 1 0 6 
2 evicted
5 is going to be paged in

1 0 6 5 
1 evicted
4 is going to be paged in

0 6 5 4 
0 evicted
3 is going to be paged in

6 5 4 3 
6 evicted
2 is going to be paged in

FIFO run 4 ************************************
5 4 3 2 
5 evicted
1 is going to be paged in

4 3 2 1 
4 evicted
7 is going to be paged in

3 2 1 7 
3 evicted
6 is going to be paged in

2 1 7 6 
2 evicted
8 is going to be paged in

1 7 6 8 
1 evicted
5 is going to be paged in

7 6 8 5 
7 evicted
1 is going to be paged in

6 8 5 1 
6 evicted
0 is going to be paged in

8 5 1 0 
8 evicted
7 is going to be paged in

5 1 0 7 
5 evicted
6 is going to be paged in

1 0 7 6 
1 evicted
8 is going to be paged in

0 7 6 8 
0 evicted
4 is going to be paged in

7 6 8 4 
7 evicted
3 is going to be paged in

6 8 4 3 
6 evicted
2 is going to be paged in

8 4 3 2 
8 evicted
1 is going to be paged in

4 3 2 1 
4 evicted
0 is going to be paged in

3 2 1 0 
3 evicted
6 is going to be paged in

2 1 0 6 
2 evicted
5 is going to be paged in

1 0 6 5 
1 evicted
4 is going to be paged in

0 6 5 4 
0 evicted
3 is going to be paged in

6 5 4 3 
6 evicted
2 is going to be paged in

5 4 3 2 
5 evicted
1 is going to be paged in

4 3 2 1 
4 evicted
0 is going to be paged in

3 2 1 0 
3 evicted
6 is going to be paged in

2 1 0 6 
2 evicted
5 is going to be paged in

1 0 6 5 
1 evicted
4 is going to be paged in

0 6 5 4 
0 evicted
1 is going to be paged in

6 5 4 1 
6 evicted
0 is going to be paged in

5 4 1 0 
5 evicted
8 is going to be paged in

4 1 0 8 
4 evicted
2 is going to be paged in

1 0 8 2 
1 evicted
7 is going to be paged in

0 8 2 7 
0 evicted
6 is going to be paged in

8 2 7 6 
8 evicted
5 is going to be paged in

2 7 6 5 
2 evicted
4 is going to be paged in

7 6 5 4 
7 evicted
3 is going to be paged in

6 5 4 3 
6 evicted
1 is going to be paged in

5 4 3 1 
5 evicted
0 is going to be paged in

FIFO run 5 ************************************
4 3 1 0 
4 evicted
7 is going to be paged in

3 1 0 7 
3 evicted
6 is going to be paged in

1 0 7 6 
1 evicted
5 is going to be paged in

0 7 6 5 
0 evicted
4 is going to be paged in

7 6 5 4 
7 evicted
8 is going to be paged in

6 5 4 8 
6 evicted
7 is going to be paged in

5 4 8 7 
5 evicted
1 is going to be paged in

4 8 7 1 
4 evicted
0 is going to be paged in

8 7 1 0 
8 evicted
4 is going to be paged in

7 1 0 4 
7 evicted
6 is going to be paged in

1 0 4 6 
1 evicted
5 is going to be paged in

0 4 6 5 
0 evicted
1 is going to be paged in

4 6 5 1 
4 evicted
0 is going to be paged in

6 5 1 0 
6 evicted
8 is going to be paged in

5 1 0 8 
5 evicted
2 is going to be paged in

1 0 8 2 
1 evicted
4 is going to be paged in

0 8 2 4 
0 evicted
3 is going to be paged in

8 2 4 3 
8 evicted
0 is going to be paged in

2 4 3 0 
2 evicted
7 is going to be paged in

4 3 0 7 
4 evicted
6 is going to be paged in

3 0 7 6 
3 evicted
1 is going to be paged in

0 7 6 1 
0 evicted
2 is going to be paged in

7 6 1 2 
7 evicted
0 is going to be paged in

6 1 2 0 
6 evicted
7 is going to be paged in

1 2 0 7 
1 evicted
6 is going to be paged in

2 0 7 6 
2 evicted
5 is going to be paged in

0 7 6 5 
0 evicted
4 is going to be paged in

7 6 5 4 
7 evicted
3 is going to be paged in

6 5 4 3 
6 evicted
8 is going to be paged in

5 4 3 8 
5 evicted
2 is going to be paged in

4 3 8 2 
4 evicted
0 is going to be paged in

3 8 2 0 
3 evicted
5 is going to be paged in

8 2 0 5 
8 evicted
1 is going to be paged in

2 0 5 1 
2 evicted
4 is going to be paged in

0 5 1 4 
0 evicted
8 is going to be paged in

5 1 4 8 
5 evicted
2 is going to be paged in

1 4 8 2 
1 evicted
0 is going to be paged in

LRU run 1 ************************************
4 is going to be paged in

7 is going to be paged in

6 is going to be paged in

5 is going to be paged in

4 8 2 0 
4 evicted
2 is going to be paged in

4 8 2 0 
4 evicted
1 is going to be paged in

4 8 2 0 
4 evicted
0 is going to be paged in

4 8 2 0 
4 evicted
7 is going to be paged in

4 8 2 0 
4 evicted
6 is going to be paged in

4 8 2 0 
4 evicted
5 is going to be paged in

4 8 2 0 
4 evicted
4 is going to be paged in

4 8 2 0 
4 evicted
0 is going to be paged in

4 8 2 0 
4 evicted
2 is going to be paged in

4 8 2 0 
4 evicted
1 is going to be paged in

4 8 2 0 
4 evicted
3 is going to be paged in

4 8 2 0 
4 evicted
7 is going to be paged in

4 8 2 0 
4 evicted
0 is going to be paged in

4 8 2 0 
4 evicted
8 is going to be paged in

4 8 2 0 
4 evicted
6 is going to be paged in

4 8 2 0 
4 evicted
5 is going to be paged in

4 8 2 0 
4 evicted
2 is going to be paged in

4 8 2 0 
4 evicted
1 is going to be paged in

4 8 2 0 
4 evicted
0 is going to be paged in

4 8 2 0 
4 evicted
8 is going to be paged in

4 8 2 0 
4 evicted
7 is going to be paged in

4 8 2 0 
4 evicted
6 is going to be paged in

4 8 2 0 
4 evicted
5 is going to be paged in

4 8 2 0 
4 evicted
4 is going to be paged in

4 8 2 0 
4 evicted
2 is going to be paged in

4 8 2 0 
4 evicted
1 is going to be paged in

4 8 2 0 
4 evicted
0 is going to be paged in

4 8 2 0 
4 evicted
6 is going to be paged in

4 8 2 0 
4 evicted
4 is going to be paged in

4 8 2 0 
4 evicted
3 is going to be paged in

4 8 2 0 
4 evicted
2 is going to be paged in

4 8 2 0 
4 evicted
7 is going to be paged in

4 8 2 0 
4 evicted
0 is going to be paged in

4 8 2 0 
4 evicted
6 is going to be paged in

4 8 2 0 
4 evicted
5 is going to be paged in

4 8 2 0 
4 evicted
4 is going to be paged in

4 8 2 0 
4 evicted
1 is going to be paged in

4 8 2 0 
4 evicted
0 is going to be paged in

4 8 2 0 
4 evicted
3 is going to be paged in

4 8 2 0 
4 evicted
2 is going to be paged in

4 8 2 0 
4 evicted
8 is going to be paged in

4 8 2 0 
4 evicted
7 is going to be paged in

LRU run 2 ************************************
4 8 2 0 
4 evicted
5 is going to be paged in

4 8 2 0 
4 evicted
4 is going to be paged in

4 8 2 0 
4 evicted
3 is going to be paged in

4 8 2 0 
4 evicted
6 is going to be paged in

4 8 2 0 
4 evicted
1 is going to be paged in

4 8 2 0 
4 evicted
0 is going to be paged in

4 8 2 0 
4 evicted
3 is going to be paged in

4 8 2 0 
4 evicted
2 is going to be paged in

4 8 2 0 
4 evicted
1 is going to be paged in

4 8 2 0 
4 evicted
0 is going to be paged in

4 8 2 0 
4 evicted
7 is going to be paged in

4 8 2 0 
4 evicted
5 is going to be paged in

4 8 2 0 
4 evicted
6 is going to be paged in

4 8 2 0 
4 evicted
8 is going to be paged in

4 8 2 0 
4 evicted
4 is going to be paged in

4 8 2 0 
4 evicted
3 is going to be paged in

4 8 2 0 
4 evicted
2 is going to be paged in

4 8 2 0 
4 evicted
1 is going to be paged in

4 8 2 0 
4 evicted
0 is going to be paged in

4 8 2 0 
4 evicted
7 is going to be paged in

4 8 2 0 
4 evicted
5 is going to be paged in

4 8 2 0 
4 evicted
6 is going to be paged in

4 8 2 0 
4 evicted
4 is going to be paged in

4 8 2 0 
4 evicted
3 is going to be paged in

4 8 2 0 
4 evicted
2 is going to be paged in

4 8 2 0 
4 evicted
7 is going to be paged in

4 8 2 0 
4 evicted
6 is going to be paged in

4 8 2 0 
4 evicted
1 is going to be paged in

4 8 2 0 
4 evicted
0 is going to be paged in

4 8 2 0 
4 evicted
3 is going to be paged in

4 8 2 0 
4 evicted
2 is going to be paged in

4 8 2 0 
4 evicted
7 is going to be paged in

LRU run 3 ************************************
4 8 2 0 
4 evicted
6 is going to be paged in

4 8 2 0 
4 evicted
5 is going to be paged in

4 8 2 0 
4 evicted
4 is going to be paged in

4 8 2 0 
4 evicted
2 is going to be paged in

4 8 2 0 
4 evicted
8 is going to be paged in

4 8 2 0 
4 evicted
7 is going to be paged in

4 8 2 0 
4 evicted
6 is going to be paged in

4 8 2 0 
4 evicted
5 is going to be paged in

4 8 2 0 
4 evicted
0 is going to be paged in

4 8 2 0 
4 evicted
2 is going to be paged in

4 8 2 0 
4 evicted
8 is going to be paged in

4 8 2 0 
4 evicted
7 is going to be paged in

4 8 2 0 
4 evicted
6 is going to be paged in

4 8 2 0 
4 evicted
4 is going to be paged in

4 8 2 0 
4 evicted
3 is going to be paged in

4 8 2 0 
4 evicted
5 is going to be paged in

4 8 2 0 
4 evicted
4 is going to be paged in

4 8 2 0 
4 evicted
2 is going to be paged in

4 8 2 0 
4 evicted
1 is going to be paged in

4 8 2 0 
4 evicted
0 is going to be paged in

4 8 2 0 
4 evicted
8 is going to be paged in

4 8 2 0 
4 evicted
7 is going to be paged in

4 8 2 0 
4 evicted
6 is going to be paged in

4 8 2 0 
4 evicted
5 is going to be paged in

4 8 2 0 
4 evicted
4 is going to be paged in

4 8 2 0 
4 evicted
3 is going to be paged in

4 8 2 0 
4 evicted
2 is going to be paged in

4 8 2 0 
4 evicted
8 is going to be paged in

4 8 2 0 
4 evicted
7 is going to be paged in

4 8 2 0 
4 evicted
2 is going to be paged in

4 8 2 0 
4 evicted
1 is going to be paged in

4 8 2 0 
4 evicted
0 is going to be paged in

4 8 2 0 
4 evicted
3 is going to be paged in

4 8 2 0 
4 evicted
2 is going to be paged in

4 8 2 0 
4 evicted
1 is going to be paged in

4 8 2 0 
4 evicted
8 is going to be paged in

4 8 2 0 
4 evicted
7 is going to be paged in

4 8 2 0 
4 evicted
2 is going to be paged in

4 8 2 0 
4 evicted
1 is going to be paged in

4 8 2 0 
4 evicted
0 is going to be paged in

LRU run 4 ************************************
4 8 2 0 
4 evicted
4 is going to be paged in

4 8 2 0 
4 evicted
3 is going to be paged in

4 8 2 0 
4 evicted
6 is going to be paged in

4 8 2 0 
4 evicted
5 is going to be paged in

4 8 2 0 
4 evicted
8 is going to be paged in

4 8 2 0 
4 evicted
1 is going to be paged in

4 8 2 0 
4 evicted
0 is going to be paged in

4 8 2 0 
4 evicted
7 is going to be paged in

4 8 2 0 
4 evicted
6 is going to be paged in

4 8 2 0 
4 evicted
5 is going to be paged in

4 8 2 0 
4 evicted
4 is going to be paged in

4 8 2 0 
4 evicted
8 is going to be paged in

4 8 2 0 
4 evicted
7 is going to be paged in

4 8 2 0 
4 evicted
3 is going to be paged in

4 8 2 0 
4 evicted
4 is going to be paged in

4 8 2 0 
4 evicted
2 is going to be paged in

4 8 2 0 
4 evicted
0 is going to be paged in

4 8 2 0 
4 evicted
6 is going to be paged in

4 8 2 0 
4 evicted
5 is going to be paged in

4 8 2 0 
4 evicted
4 is going to be paged in

4 8 2 0 
4 evicted
3 is going to be paged in

4 8 2 0 
4 evicted
2 is going to be paged in

4 8 2 0 
4 evicted
1 is going to be paged in

4 8 2 0 
4 evicted
0 is going to be paged in

4 8 2 0 
4 evicted
5 is going to be paged in

4 8 2 0 
4 evicted
4 is going to be paged in

4 8 2 0 
4 evicted
3 is going to be paged in

4 8 2 0 
4 evicted
2 is going to be paged in

4 8 2 0 
4 evicted
1 is going to be paged in

4 8 2 0 
4 evicted
0 is going to be paged in

4 8 2 0 
4 evicted
5 is going to be paged in

4 8 2 0 
4 evicted
4 is going to be paged in

4 8 2 0 
4 evicted
3 is going to be paged in

4 8 2 0 
4 evicted
6 is going to be paged in

4 8 2 0 
4 evicted
5 is going to be paged in

4 8 2 0 
4 evicted
2 is going to be paged in

4 8 2 0 
4 evicted
3 is going to be paged in

4 8 2 0 
4 evicted
7 is going to be paged in

4 8 2 0 
4 evicted
4 is going to be paged in

LRU run 5 ************************************
4 8 2 0 
4 evicted
1 is going to be paged in

4 8 2 0 
4 evicted
0 is going to be paged in

4 8 2 0 
4 evicted
2 is going to be paged in

4 8 2 0 
4 evicted
7 is going to be paged in

4 8 2 0 
4 evicted
6 is going to be paged in

4 8 2 0 
4 evicted
5 is going to be paged in

4 8 2 0 
4 evicted
4 is going to be paged in

4 8 2 0 
4 evicted
3 is going to be paged in

4 8 2 0 
4 evicted
2 is going to be paged in

4 8 2 0 
4 evicted
7 is going to be paged in

4 8 2 0 
4 evicted
0 is going to be paged in

4 8 2 0 
4 evicted
8 is going to be paged in

4 8 2 0 
4 evicted
6 is going to be paged in

4 8 2 0 
4 evicted
5 is going to be paged in

4 8 2 0 
4 evicted
1 is going to be paged in

4 8 2 0 
4 evicted
0 is going to be paged in

4 8 2 0 
4 evicted
5 is going to be paged in

4 8 2 0 
4 evicted
2 is going to be paged in

4 8 2 0 
4 evicted
1 is going to be paged in

4 8 2 0 
4 evicted
4 is going to be paged in

4 8 2 0 
4 evicted
7 is going to be paged in

4 8 2 0 
4 evicted
6 is going to be paged in

4 8 2 0 
4 evicted
1 is going to be paged in

4 8 2 0 
4 evicted
8 is going to be paged in

4 8 2 0 
4 evicted
4 is going to be paged in

4 8 2 0 
4 evicted
3 is going to be paged in

4 8 2 0 
4 evicted
2 is going to be paged in

4 8 2 0 
4 evicted
6 is going to be paged in

4 8 2 0 
4 evicted
7 is going to be paged in

4 8 2 0 
4 evicted
0 is going to be paged in

4 8 2 0 
4 evicted
1 is going to be paged in

LFU run 1 ************************************
-1 -1 -1 -1 
0 is going to be paged in

0 -1 -1 -1 
2 is going to be paged in

0 2 -1 -1 
1 is going to be paged in

0 2 1 -1 
3 is going to be paged in

0 2 1 3 
5 is going to be paged in
0 evicted

5 2 1 3 
2 is going to be paged in

5 2 1 3 
1 is going to be paged in

5 2 1 3 
3 is going to be paged in

5 2 1 3 
3 is going to be paged in

5 2 1 3 
1 is going to be paged in

5 2 1 3 
7 is going to be paged in
5 evicted

7 2 1 3 
2 is going to be paged in

7 2 1 3 
6 is going to be paged in
7 evicted

6 2 1 3 
4 is going to be paged in
6 evicted

4 2 1 3 
6 is going to be paged in
4 evicted

6 2 1 3 
3 is going to be paged in

6 2 1 3 
3 is going to be paged in

6 2 1 3 
2 is going to be paged in

6 2 1 3 
4 is going to be paged in
6 evicted

4 2 1 3 
7 is going to be paged in
4 evicted

7 2 1 3 
3 is going to be paged in

7 2 1 3 
7 is going to be paged in

7 2 1 3 
1 is going to be paged in

7 2 1 3 
3 is going to be paged in

7 2 1 3 
4 is going to be paged in
7 evicted

4 2 1 3 
2 is going to be paged in

4 2 1 3 
4 is going to be paged in

4 2 1 3 
6 is going to be paged in
4 evicted

6 2 1 3 
5 is going to be paged in
6 evicted

5 2 1 3 
5 is going to be paged in

5 2 1 3 
4 is going to be paged in
5 evicted

4 2 1 3 
5 is going to be paged in
4 evicted

5 2 1 3 
0 is going to be paged in
5 evicted

0 2 1 3 
4 is going to be paged in
0 evicted

4 2 1 3 
4 is going to be paged in

4 2 1 3 
4 is going to be paged in

4 2 1 3 
6 is going to be paged in
4 evicted

6 2 1 3 
4 is going to be paged in
6 evicted

4 2 1 3 
4 is going to be paged in

4 2 1 3 
1 is going to be paged in

4 2 1 3 
1 is going to be paged in

4 2 1 3 
3 is going to be paged in

4 2 1 3 
1 is going to be paged in

4 2 1 3 
6 is going to be paged in
4 evicted

6 2 1 3 
6 is going to be paged in

6 2 1 3 
3 is going to be paged in

6 2 1 3 
2 is going to be paged in

6 2 1 3 
4 is going to be paged in
6 evicted

4 2 1 3 
4 is going to be paged in

4 2 1 3 
5 is going to be paged in
4 evicted

5 2 1 3 
0 is going to be paged in
5 evicted

0 2 1 3 
6 is going to be paged in
0 evicted

6 2 1 3 
4 is going to be paged in
6 evicted

4 2 1 3 
1 is going to be paged in

4 2 1 3 
2 is going to be paged in

4 2 1 3 
7 is going to be paged in
4 evicted

7 2 1 3 
6 is going to be paged in
7 evicted

6 2 1 3 
0 is going to be paged in
6 evicted

0 2 1 3 
6 is going to be paged in
0 evicted

6 2 1 3 
3 is going to be paged in

6 2 1 3 
5 is going to be paged in
6 evicted

5 2 1 3 
4 is going to be paged in
5 evicted

4 2 1 3 
4 is going to be paged in

4 2 1 3 
2 is going to be paged in

4 2 1 3 
3 is going to be paged in

4 2 1 3 
1 is going to be paged in

4 2 1 3 
4 is going to be paged in

4 2 1 3 
6 is going to be paged in
4 evicted

6 2 1 3 
2 is going to be paged in

6 2 1 3 
5 is going to be paged in
6 evicted

5 2 1 3 
6 is going to be paged in
5 evicted

6 2 1 3 
6 is going to be paged in

6 2 1 3 
3 is going to be paged in

6 2 1 3 
5 is going to be paged in
6 evicted

5 2 1 3 
6 is going to be paged in
5 evicted

6 2 1 3 
4 is going to be paged in
6 evicted

4 2 1 3 
9 is going to be paged in
4 evicted

9 2 1 3 
4 is going to be paged in
9 evicted

4 2 1 3 
5 is going to be paged in
4 evicted

5 2 1 3 
6 is going to be paged in
5 evicted

6 2 1 3 
2 is going to be paged in

6 2 1 3 
0 is going to be paged in
6 evicted

0 2 1 3 
2 is going to be paged in

0 2 1 3 
2 is going to be paged in

0 2 1 3 
3 is going to be paged in

0 2 1 3 
1 is going to be paged in

0 2 1 3 
7 is going to be paged in
0 evicted

7 2 1 3 
4 is going to be paged in
7 evicted

4 2 1 3 
3 is going to be paged in

4 2 1 3 
4 is going to be paged in

4 2 1 3 
0 is going to be paged in
4 evicted

0 2 1 3 
4 is going to be paged in
0 evicted

4 2 1 3 
2 is going to be paged in

4 2 1 3 
3 is going to be paged in

4 2 1 3 
4 is going to be paged in

4 2 1 3 
6 is going to be paged in
4 evicted

6 2 1 3 
9 is going to be paged in
6 evicted

9 2 1 3 
5 is going to be paged in
9 evicted

5 2 1 3 
4 is going to be paged in
5 evicted

4 2 1 3 
2 is going to be paged in


LFU run 2 ************************************
-1 -1 -1 -1 
2 is going to be paged in

2 -1 -1 -1 
5 is going to be paged in

2 5 -1 -1 
3 is going to be paged in

2 5 3 -1 
1 is going to be paged in

2 5 3 1 
4 is going to be paged in
2 evicted

4 5 3 1 
3 is going to be paged in

4 5 3 1 
5 is going to be paged in

4 5 3 1 
5 is going to be paged in

4 5 3 1 
3 is going to be paged in

4 5 3 1 
5 is going to be paged in

4 5 3 1 
3 is going to be paged in

4 5 3 1 
4 is going to be paged in

4 5 3 1 
5 is going to be paged in

4 5 3 1 
5 is going to be paged in

4 5 3 1 
9 is going to be paged in
4 evicted

9 5 3 1 
5 is going to be paged in

9 5 3 1 
9 is going to be paged in

9 5 3 1 
5 is going to be paged in

9 5 3 1 
1 is going to be paged in

9 5 3 1 
2 is going to be paged in
9 evicted

2 5 3 1 
0 is going to be paged in
2 evicted

0 5 3 1 
3 is going to be paged in

0 5 3 1 
3 is going to be paged in

0 5 3 1 
4 is going to be paged in
0 evicted

4 5 3 1 
0 is going to be paged in
4 evicted

0 5 3 1 
9 is going to be paged in
0 evicted

9 5 3 1 
0 is going to be paged in
9 evicted

0 5 3 1 
1 is going to be paged in

0 5 3 1 
1 is going to be paged in

0 5 3 1 
5 is going to be paged in

0 5 3 1 
4 is going to be paged in
0 evicted

4 5 3 1 
5 is going to be paged in

4 5 3 1 
1 is going to be paged in

4 5 3 1 
7 is going to be paged in
4 evicted

7 5 3 1 
1 is going to be paged in

7 5 3 1 
7 is going to be paged in

7 5 3 1 
1 is going to be paged in

7 5 3 1 
9 is going to be paged in
7 evicted

9 5 3 1 
4 is going to be paged in
9 evicted

4 5 3 1 
3 is going to be paged in

4 5 3 1 
6 is going to be paged in
4 evicted

6 5 3 1 
9 is going to be paged in
6 evicted

9 5 3 1 
5 is going to be paged in

9 5 3 1 
7 is going to be paged in
9 evicted

7 5 3 1 
4 is going to be paged in
7 evicted

4 5 3 1 
3 is going to be paged in

4 5 3 1 
2 is going to be paged in
4 evicted

2 5 3 1 
3 is going to be paged in

2 5 3 1 
4 is going to be paged in
2 evicted

4 5 3 1 
1 is going to be paged in

4 5 3 1 
2 is going to be paged in
4 evicted

2 5 3 1 
5 is going to be paged in

2 5 3 1 
9 is going to be paged in
2 evicted

9 5 3 1 
6 is going to be paged in
9 evicted

6 5 3 1 
4 is going to be paged in
6 evicted

4 5 3 1 
0 is going to be paged in
4 evicted

0 5 3 1 
3 is going to be paged in

0 5 3 1 
9 is going to be paged in
0 evicted

9 5 3 1 
5 is going to be paged in

9 5 3 1 
2 is going to be paged in
9 evicted

2 5 3 1 
4 is going to be paged in
2 evicted

4 5 3 1 
1 is going to be paged in

4 5 3 1 
4 is going to be paged in

4 5 3 1 
2 is going to be paged in
4 evicted

2 5 3 1 
3 is going to be paged in

2 5 3 1 
1 is going to be paged in

2 5 3 1 
7 is going to be paged in
2 evicted

7 5 3 1 
3 is going to be paged in

7 5 3 1 
3 is going to be paged in

7 5 3 1 
0 is going to be paged in
7 evicted

0 5 3 1 
4 is going to be paged in
0 evicted

4 5 3 1 
4 is going to be paged in

4 5 3 1 
6 is going to be paged in
4 evicted

6 5 3 1 
2 is going to be paged in
6 evicted

2 5 3 1 
3 is going to be paged in

2 5 3 1 
0 is going to be paged in
2 evicted

0 5 3 1 
7 is going to be paged in
0 evicted

7 5 3 1 
5 is going to be paged in

7 5 3 1 
6 is going to be paged in
7 evicted

6 5 3 1 
2 is going to be paged in
6 evicted

2 5 3 1 
5 is going to be paged in

2 5 3 1 
6 is going to be paged in
2 evicted

6 5 3 1 
5 is going to be paged in

6 5 3 1 
9 is going to be paged in
6 evicted

9 5 3 1 
0 is going to be paged in
9 evicted

0 5 3 1 
6 is going to be paged in
0 evicted

6 5 3 1 
0 is going to be paged in
6 evicted

0 5 3 1 
4 is going to be paged in
0 evicted

4 5 3 1 
6 is going to be paged in
4 evicted

6 5 3 1 
4 is going to be paged in
6 evicted

4 5 3 1 
4 is going to be paged in

4 5 3 1 
1 is going to be paged in

4 5 3 1 
5 is going to be paged in

4 5 3 1 
4 is going to be paged in

4 5 3 1 
7 is going to be paged in
4 evicted

7 5 3 1 
9 is going to be paged in
7 evicted

9 5 3 1 
5 is going to be paged in

9 5 3 1 
0 is going to be paged in
9 evicted

0 5 3 1 
7 is going to be paged in
0 evicted

7 5 3 1 
4 is going to be paged in
7 evicted


LFU run 3 ************************************
-1 -1 -1 -1 
6 is going to be paged in

6 -1 -1 -1 
1 is going to be paged in

6 1 -1 -1 
0 is going to be paged in

6 1 0 -1 
0 is going to be paged in

6 1 0 -1 
0 is going to be paged in

6 1 0 -1 
0 is going to be paged in

6 1 0 -1 
7 is going to be paged in

6 1 0 7 
3 is going to be paged in
6 evicted

3 1 0 7 
9 is going to be paged in
3 evicted

9 1 0 7 
6 is going to be paged in
9 evicted

6 1 0 7 
2 is going to be paged in
6 evicted

2 1 0 7 
5 is going to be paged in
2 evicted

5 1 0 7 
5 is going to be paged in

5 1 0 7 
1 is going to be paged in

5 1 0 7 
4 is going to be paged in
5 evicted

4 1 0 7 
3 is going to be paged in
4 evicted

3 1 0 7 
0 is going to be paged in

3 1 0 7 
1 is going to be paged in

3 1 0 7 
2 is going to be paged in
3 evicted

2 1 0 7 
3 is going to be paged in
2 evicted

3 1 0 7 
6 is going to be paged in
3 evicted

6 1 0 7 
2 is going to be paged in
6 evicted

2 1 0 7 
7 is going to be paged in

2 1 0 7 
0 is going to be paged in

2 1 0 7 
7 is going to be paged in

2 1 0 7 
5 is going to be paged in
2 evicted

5 1 0 7 
9 is going to be paged in
5 evicted

9 1 0 7 
3 is going to be paged in
9 evicted

3 1 0 7 
4 is going to be paged in
3 evicted

4 1 0 7 
3 is going to be paged in
4 evicted

3 1 0 7 
3 is going to be paged in

3 1 0 7 
3 is going to be paged in

3 1 0 7 
6 is going to be paged in
3 evicted

6 1 0 7 
3 is going to be paged in
6 evicted

3 1 0 7 
1 is going to be paged in

3 1 0 7 
0 is going to be paged in

3 1 0 7 
1 is going to be paged in

3 1 0 7 
7 is going to be paged in

3 1 0 7 
3 is going to be paged in

3 1 0 7 
2 is going to be paged in
3 evicted

2 1 0 7 
4 is going to be paged in
2 evicted

4 1 0 7 
6 is going to be paged in
4 evicted

6 1 0 7 
6 is going to be paged in

6 1 0 7 
2 is going to be paged in
6 evicted

2 1 0 7 
5 is going to be paged in
2 evicted

5 1 0 7 
3 is going to be paged in
5 evicted

3 1 0 7 
7 is going to be paged in

3 1 0 7 
7 is going to be paged in

3 1 0 7 
1 is going to be paged in

3 1 0 7 
5 is going to be paged in
3 evicted

5 1 0 7 
4 is going to be paged in
5 evicted

4 1 0 7 
3 is going to be paged in
4 evicted

3 1 0 7 
5 is going to be paged in
3 evicted

5 1 0 7 
5 is going to be paged in

5 1 0 7 
1 is going to be paged in

5 1 0 7 
3 is going to be paged in
5 evicted

3 1 0 7 
2 is going to be paged in
3 evicted

2 1 0 7 
4 is going to be paged in
2 evicted

4 1 0 7 
3 is going to be paged in
4 evicted

3 1 0 7 
3 is going to be paged in

3 1 0 7 
4 is going to be paged in
3 evicted

4 1 0 7 
4 is going to be paged in

4 1 0 7 
4 is going to be paged in

4 1 0 7 
3 is going to be paged in
4 evicted

3 1 0 7 
5 is going to be paged in
3 evicted

5 1 0 7 
1 is going to be paged in

5 1 0 7 
3 is going to be paged in
5 evicted

3 1 0 7 
1 is going to be paged in

3 1 0 7 
5 is going to be paged in
3 evicted

5 1 0 7 
1 is going to be paged in

5 1 0 7 
2 is going to be paged in
5 evicted

2 1 0 7 
1 is going to be paged in

2 1 0 7 
6 is going to be paged in
2 evicted

6 1 0 7 
4 is going to be paged in
6 evicted

4 1 0 7 
5 is going to be paged in
4 evicted

5 1 0 7 
6 is going to be paged in
5 evicted

6 1 0 7 
2 is going to be paged in
6 evicted

2 1 0 7 
9 is going to be paged in
2 evicted

9 1 0 7 
9 is going to be paged in

9 1 0 7 
0 is going to be paged in

9 1 0 7 
5 is going to be paged in
9 evicted

5 1 0 7 
0 is going to be paged in

5 1 0 7 
2 is going to be paged in
5 evicted

2 1 0 7 
1 is going to be paged in

2 1 0 7 
0 is going to be paged in

2 1 0 7 
3 is going to be paged in
2 evicted

3 1 0 7 
1 is going to be paged in

3 1 0 7 
1 is going to be paged in

3 1 0 7 
3 is going to be paged in

3 1 0 7 
4 is going to be paged in
3 evicted

4 1 0 7 
7 is going to be paged in

4 1 0 7 
1 is going to be paged in

4 1 0 7 
3 is going to be paged in
4 evicted

3 1 0 7 
3 is going to be paged in

3 1 0 7 
5 is going to be paged in
3 evicted

5 1 0 7 
3 is going to be paged in
5 evicted

3 1 0 7 
5 is going to be paged in
3 evicted

5 1 0 7 
5 is going to be paged in

5 1 0 7 
2 is going to be paged in
5 evicted

2 1 0 7 
6 is going to be paged in
2 evicted


LFU run 4 ************************************
-1 -1 -1 -1 
7 is going to be paged in

7 -1 -1 -1 
9 is going to be paged in

7 9 -1 -1 
6 is going to be paged in

7 9 6 -1 
2 is going to be paged in

7 9 6 2 
6 is going to be paged in

7 9 6 2 
5 is going to be paged in
7 evicted

5 9 6 2 
1 is going to be paged in
5 evicted

1 9 6 2 
1 is going to be paged in

1 9 6 2 
3 is going to be paged in
1 evicted

3 9 6 2 
4 is going to be paged in
3 evicted

4 9 6 2 
3 is going to be paged in
4 evicted

3 9 6 2 
1 is going to be paged in
3 evicted

1 9 6 2 
0 is going to be paged in
1 evicted

0 9 6 2 
6 is going to be paged in

0 9 6 2 
1 is going to be paged in
0 evicted

1 9 6 2 
2 is going to be paged in

1 9 6 2 
2 is going to be paged in

1 9 6 2 
0 is going to be paged in
1 evicted

0 9 6 2 
6 is going to be paged in

0 9 6 2 
7 is going to be paged in
0 evicted

7 9 6 2 
5 is going to be paged in
7 evicted

5 9 6 2 
1 is going to be paged in
5 evicted

1 9 6 2 
1 is going to be paged in

1 9 6 2 
2 is going to be paged in

1 9 6 2 
6 is going to be paged in

1 9 6 2 
6 is going to be paged in

1 9 6 2 
1 is going to be paged in

1 9 6 2 
5 is going to be paged in
1 evicted

5 9 6 2 
5 is going to be paged in

5 9 6 2 
0 is going to be paged in
5 evicted

0 9 6 2 
2 is going to be paged in

0 9 6 2 
2 is going to be paged in

0 9 6 2 
2 is going to be paged in

0 9 6 2 
1 is going to be paged in
0 evicted

1 9 6 2 
4 is going to be paged in
1 evicted

4 9 6 2 
1 is going to be paged in
4 evicted

1 9 6 2 
3 is going to be paged in
1 evicted

3 9 6 2 
2 is going to be paged in

3 9 6 2 
4 is going to be paged in
3 evicted

4 9 6 2 
2 is going to be paged in

4 9 6 2 
1 is going to be paged in
4 evicted

1 9 6 2 
2 is going to be paged in

1 9 6 2 
1 is going to be paged in

1 9 6 2 
5 is going to be paged in
1 evicted

5 9 6 2 
1 is going to be paged in
5 evicted

1 9 6 2 
5 is going to be paged in
1 evicted

5 9 6 2 
9 is going to be paged in

5 9 6 2 
4 is going to be paged in
5 evicted

4 9 6 2 
4 is going to be paged in

4 9 6 2 
4 is going to be paged in

4 9 6 2 
6 is going to be paged in

4 9 6 2 
2 is going to be paged in

4 9 6 2 
4 is going to be paged in

4 9 6 2 
1 is going to be paged in
4 evicted

1 9 6 2 
4 is going to be paged in
1 evicted

4 9 6 2 
9 is going to be paged in

4 9 6 2 
0 is going to be paged in
4 evicted

0 9 6 2 
2 is going to be paged in

0 9 6 2 
1 is going to be paged in
0 evicted

1 9 6 2 
4 is going to be paged in
1 evicted

4 9 6 2 
4 is going to be paged in

4 9 6 2 
0 is going to be paged in
4 evicted

0 9 6 2 
4 is going to be paged in
0 evicted

4 9 6 2 
4 is going to be paged in

4 9 6 2 
2 is going to be paged in

4 9 6 2 
1 is going to be paged in
4 evicted

1 9 6 2 
1 is going to be paged in

1 9 6 2 
2 is going to be paged in

1 9 6 2 
0 is going to be paged in
1 evicted

0 9 6 2 
0 is going to be paged in

0 9 6 2 
3 is going to be paged in
0 evicted

3 9 6 2 
4 is going to be paged in
3 evicted

4 9 6 2 
2 is going to be paged in

4 9 6 2 
1 is going to be paged in
4 evicted

1 9 6 2 
9 is going to be paged in

1 9 6 2 
5 is going to be paged in
1 evicted

5 9 6 2 
5 is going to be paged in

5 9 6 2 
5 is going to be paged in

5 9 6 2 
1 is going to be paged in
5 evicted

1 9 6 2 
0 is going to be paged in
1 evicted

0 9 6 2 
5 is going to be paged in
0 evicted

5 9 6 2 
7 is going to be paged in
5 evicted

7 9 6 2 
4 is going to be paged in
7 evicted

4 9 6 2 
0 is going to be paged in
4 evicted

0 9 6 2 
4 is going to be paged in
0 evicted

4 9 6 2 
2 is going to be paged in

4 9 6 2 
2 is going to be paged in

4 9 6 2 
5 is going to be paged in
4 evicted

5 9 6 2 
4 is going to be paged in
5 evicted

4 9 6 2 
1 is going to be paged in
4 evicted

1 9 6 2 
3 is going to be paged in
1 evicted

3 9 6 2 
3 is going to be paged in

3 9 6 2 
6 is going to be paged in

3 9 6 2 
1 is going to be paged in
3 evicted

1 9 6 2 
6 is going to be paged in

1 9 6 2 
6 is going to be paged in

1 9 6 2 
0 is going to be paged in
1 evicted

0 9 6 2 
6 is going to be paged in

0 9 6 2 
2 is going to be paged in

0 9 6 2 
6 is going to be paged in


LFU run 5 ************************************
-1 -1 -1 -1 
2 is going to be paged in

2 -1 -1 -1 
2 is going to be paged in

2 -1 -1 -1 
5 is going to be paged in

2 5 -1 -1 
4 is going to be paged in

2 5 4 -1 
5 is going to be paged in

2 5 4 -1 
9 is going to be paged in

2 5 4 9 
6 is going to be paged in
2 evicted

6 5 4 9 
1 is going to be paged in
6 evicted

1 5 4 9 
1 is going to be paged in

1 5 4 9 
0 is going to be paged in
1 evicted

0 5 4 9 
0 is going to be paged in

0 5 4 9 
3 is going to be paged in
0 evicted

3 5 4 9 
0 is going to be paged in
3 evicted

0 5 4 9 
1 is going to be paged in
0 evicted

1 5 4 9 
3 is going to be paged in
1 evicted

3 5 4 9 
2 is going to be paged in
3 evicted

2 5 4 9 
3 is going to be paged in
2 evicted

3 5 4 9 
4 is going to be paged in

3 5 4 9 
2 is going to be paged in
3 evicted

2 5 4 9 
4 is going to be paged in

2 5 4 9 
1 is going to be paged in
2 evicted

1 5 4 9 
9 is going to be paged in

1 5 4 9 
1 is going to be paged in

1 5 4 9 
3 is going to be paged in
1 evicted

3 5 4 9 
0 is going to be paged in
3 evicted

0 5 4 9 
5 is going to be paged in

0 5 4 9 
2 is going to be paged in
0 evicted

2 5 4 9 
1 is going to be paged in
2 evicted

1 5 4 9 
1 is going to be paged in

1 5 4 9 
5 is going to be paged in

1 5 4 9 
2 is going to be paged in
1 evicted

2 5 4 9 
4 is going to be paged in

2 5 4 9 
1 is going to be paged in
2 evicted

1 5 4 9 
4 is going to be paged in

1 5 4 9 
0 is going to be paged in
1 evicted

0 5 4 9 
3 is going to be paged in
0 evicted

3 5 4 9 
0 is going to be paged in
3 evicted

0 5 4 9 
0 is going to be paged in

0 5 4 9 
2 is going to be paged in
0 evicted

2 5 4 9 
3 is going to be paged in
2 evicted

3 5 4 9 
9 is going to be paged in

3 5 4 9 
5 is going to be paged in

3 5 4 9 
5 is going to be paged in

3 5 4 9 
4 is going to be paged in

3 5 4 9 
0 is going to be paged in
3 evicted

0 5 4 9 
0 is going to be paged in

0 5 4 9 
2 is going to be paged in
0 evicted

2 5 4 9 
4 is going to be paged in

2 5 4 9 
4 is going to be paged in

2 5 4 9 
4 is going to be paged in

2 5 4 9 
7 is going to be paged in
2 evicted

7 5 4 9 
5 is going to be paged in

7 5 4 9 
4 is going to be paged in

7 5 4 9 
0 is going to be paged in
7 evicted

0 5 4 9 
4 is going to be paged in

0 5 4 9 
4 is going to be paged in

0 5 4 9 
2 is going to be paged in
0 evicted

2 5 4 9 
6 is going to be paged in
2 evicted

6 5 4 9 
5 is going to be paged in

6 5 4 9 
0 is going to be paged in
6 evicted

0 5 4 9 
4 is going to be paged in

0 5 4 9 
2 is going to be paged in
0 evicted

2 5 4 9 
3 is going to be paged in
2 evicted

3 5 4 9 
5 is going to be paged in

3 5 4 9 
9 is going to be paged in

3 5 4 9 
6 is going to be paged in
3 evicted

6 5 4 9 
4 is going to be paged in

6 5 4 9 
2 is going to be paged in
6 evicted

2 5 4 9 
1 is going to be paged in
2 evicted

1 5 4 9 
4 is going to be paged in

1 5 4 9 
4 is going to be paged in

1 5 4 9 
3 is going to be paged in
1 evicted

3 5 4 9 
1 is going to be paged in
3 evicted

1 5 4 9 
1 is going to be paged in

1 5 4 9 
3 is going to be paged in
1 evicted

3 5 4 9 
3 is going to be paged in

3 5 4 9 
2 is going to be paged in
3 evicted

2 5 4 9 
4 is going to be paged in

2 5 4 9 
2 is going to be paged in

2 5 4 9 
5 is going to be paged in

2 5 4 9 
5 is going to be paged in

2 5 4 9 
1 is going to be paged in
2 evicted

1 5 4 9 
4 is going to be paged in

1 5 4 9 
1 is going to be paged in

1 5 4 9 
3 is going to be paged in
1 evicted

3 5 4 9 
9 is going to be paged in

3 5 4 9 
1 is going to be paged in
3 evicted

1 5 4 9 
0 is going to be paged in
1 evicted

0 5 4 9 
3 is going to be paged in
0 evicted

3 5 4 9 
4 is going to be paged in

3 5 4 9 
3 is going to be paged in

3 5 4 9 
7 is going to be paged in
3 evicted

7 5 4 9 
2 is going to be paged in
7 evicted

2 5 4 9 
2 is going to be paged in

2 5 4 9 
2 is going to be paged in

2 5 4 9 
4 is going to be paged in

2 5 4 9 
4 is going to be paged in

2 5 4 9 
5 is going to be paged in

2 5 4 9 
1 is going to be paged in
2 evicted

1 5 4 9 
1 is going to be paged in


MFU run 1 ************************************
-1 -1 -1 -1 
7 is going to be paged in

7 -1 -1 -1 
4 is going to be paged in

7 4 -1 -1 
4 is going to be paged in

7 4 -1 -1 
3 is going to be paged in

7 4 3 -1 
5 is going to be paged in

7 4 3 5 
3 is going to be paged in

7 4 3 5 
1 is going to be paged in
4 evicted

7 1 3 5 
9 is going to be paged in
3 evicted

7 1 9 5 
5 is going to be paged in

7 1 9 5 
2 is going to be paged in
5 evicted

7 1 9 2 
5 is going to be paged in
7 evicted

5 1 9 2 
7 is going to be paged in
5 evicted

7 1 9 2 
5 is going to be paged in
7 evicted

5 1 9 2 
4 is going to be paged in
5 evicted

4 1 9 2 
3 is going to be paged in
4 evicted

3 1 9 2 
6 is going to be paged in
3 evicted

6 1 9 2 
3 is going to be paged in
6 evicted

3 1 9 2 
2 is going to be paged in

3 1 9 2 
1 is going to be paged in

3 1 9 2 
4 is going to be paged in
1 evicted

3 4 9 2 
3 is going to be paged in

3 4 9 2 
3 is going to be paged in

3 4 9 2 
9 is going to be paged in

3 4 9 2 
1 is going to be paged in
3 evicted

1 4 9 2 
6 is going to be paged in
9 evicted

1 4 6 2 
3 is going to be paged in
2 evicted

1 4 6 3 
3 is going to be paged in

1 4 6 3 
0 is going to be paged in
3 evicted

1 4 6 0 
1 is going to be paged in

1 4 6 0 
5 is going to be paged in
1 evicted

5 4 6 0 
5 is going to be paged in

5 4 6 0 
0 is going to be paged in

5 4 6 0 
3 is going to be paged in
5 evicted

3 4 6 0 
4 is going to be paged in

3 4 6 0 
5 is going to be paged in
4 evicted

3 5 6 0 
1 is going to be paged in
0 evicted

3 5 6 1 
7 is going to be paged in
3 evicted

7 5 6 1 
3 is going to be paged in
7 evicted

3 5 6 1 
2 is going to be paged in
3 evicted

2 5 6 1 
9 is going to be paged in
2 evicted

9 5 6 1 
2 is going to be paged in
9 evicted

2 5 6 1 
5 is going to be paged in

2 5 6 1 
7 is going to be paged in
5 evicted

2 7 6 1 
2 is going to be paged in

2 7 6 1 
0 is going to be paged in
2 evicted

0 7 6 1 
1 is going to be paged in

0 7 6 1 
3 is going to be paged in
1 evicted

0 7 6 3 
0 is going to be paged in

0 7 6 3 
0 is going to be paged in

0 7 6 3 
3 is going to be paged in

0 7 6 3 
6 is going to be paged in

0 7 6 3 
7 is going to be paged in

0 7 6 3 
1 is going to be paged in
0 evicted

1 7 6 3 
5 is going to be paged in
7 evicted

1 5 6 3 
4 is going to be paged in
6 evicted

1 5 4 3 
3 is going to be paged in

1 5 4 3 
6 is going to be paged in
3 evicted

1 5 4 6 
1 is going to be paged in

1 5 4 6 
0 is going to be paged in
1 evicted

0 5 4 6 
5 is going to be paged in

0 5 4 6 
4 is going to be paged in

0 5 4 6 
9 is going to be paged in
5 evicted

0 9 4 6 
5 is going to be paged in
4 evicted

0 9 5 6 
7 is going to be paged in
0 evicted

7 9 5 6 
3 is going to be paged in
7 evicted

3 9 5 6 
7 is going to be paged in
3 evicted

7 9 5 6 
4 is going to be paged in
7 evicted

4 9 5 6 
2 is going to be paged in
4 evicted

2 9 5 6 
7 is going to be paged in
2 evicted

7 9 5 6 
1 is going to be paged in
7 evicted

1 9 5 6 
6 is going to be paged in

1 9 5 6 
2 is going to be paged in
6 evicted

1 9 5 2 
6 is going to be paged in
1 evicted

6 9 5 2 
0 is going to be paged in
6 evicted

0 9 5 2 
5 is going to be paged in

0 9 5 2 
2 is going to be paged in

0 9 5 2 
7 is going to be paged in
5 evicted

0 9 7 2 
5 is going to be paged in
2 evicted

0 9 7 5 
9 is going to be paged in

0 9 7 5 
5 is going to be paged in

0 9 7 5 
1 is going to be paged in
9 evicted

0 1 7 5 
3 is going to be paged in
5 evicted

0 1 7 3 
5 is going to be paged in
0 evicted

5 1 7 3 
6 is going to be paged in
5 evicted

6 1 7 3 
2 is going to be paged in
6 evicted

2 1 7 3 
6 is going to be paged in
2 evicted

6 1 7 3 
3 is going to be paged in

6 1 7 3 
5 is going to be paged in
3 evicted

6 1 7 5 
5 is going to be paged in

6 1 7 5 
0 is going to be paged in
5 evicted

6 1 7 0 
7 is going to be paged in

6 1 7 0 
2 is going to be paged in
7 evicted

6 1 2 0 
7 is going to be paged in
6 evicted

7 1 2 0 
0 is going to be paged in

7 1 2 0 
6 is going to be paged in
0 evicted

7 1 2 6 
5 is going to be paged in
7 evicted

5 1 2 6 
1 is going to be paged in

5 1 2 6 
4 is going to be paged in
1 evicted

5 4 2 6 
2 is going to be paged in

5 4 2 6 
3 is going to be paged in
2 evicted


MFU run 2 ************************************
-1 -1 -1 -1 
2 is going to be paged in

2 -1 -1 -1 
4 is going to be paged in

2 4 -1 -1 
4 is going to be paged in

2 4 -1 -1 
4 is going to be paged in

2 4 -1 -1 
2 is going to be paged in

2 4 -1 -1 
2 is going to be paged in

2 4 -1 -1 
2 is going to be paged in

2 4 -1 -1 
3 is going to be paged in

2 4 3 -1 
6 is going to be paged in

2 4 3 6 
6 is going to be paged in

2 4 3 6 
5 is going to be paged in
2 evicted

5 4 3 6 
6 is going to be paged in

5 4 3 6 
4 is going to be paged in

5 4 3 6 
3 is going to be paged in

5 4 3 6 
1 is going to be paged in
4 evicted

5 1 3 6 
0 is going to be paged in
6 evicted

5 1 3 0 
4 is going to be paged in
3 evicted

5 1 4 0 
3 is going to be paged in
5 evicted

3 1 4 0 
4 is going to be paged in

3 1 4 0 
5 is going to be paged in
4 evicted

3 1 5 0 
3 is going to be paged in

3 1 5 0 
1 is going to be paged in

3 1 5 0 
2 is going to be paged in
3 evicted

2 1 5 0 
2 is going to be paged in

2 1 5 0 
1 is going to be paged in

2 1 5 0 
5 is going to be paged in

2 1 5 0 
2 is going to be paged in

2 1 5 0 
1 is going to be paged in

2 1 5 0 
6 is going to be paged in
1 evicted

2 6 5 0 
0 is going to be paged in

2 6 5 0 
2 is going to be paged in

2 6 5 0 
3 is going to be paged in
2 evicted

3 6 5 0 
6 is going to be paged in

3 6 5 0 
4 is going to be paged in
6 evicted

3 4 5 0 
1 is going to be paged in
5 evicted

3 4 1 0 
4 is going to be paged in

3 4 1 0 
9 is going to be paged in
4 evicted

3 9 1 0 
4 is going to be paged in
0 evicted

3 9 1 4 
3 is going to be paged in

3 9 1 4 
1 is going to be paged in

3 9 1 4 
5 is going to be paged in
3 evicted

5 9 1 4 
5 is going to be paged in

5 9 1 4 
0 is going to be paged in
5 evicted

0 9 1 4 
4 is going to be paged in

0 9 1 4 
2 is going to be paged in
1 evicted

0 9 2 4 
1 is going to be paged in
4 evicted

0 9 2 1 
1 is going to be paged in

0 9 2 1 
6 is going to be paged in
1 evicted

0 9 2 6 
2 is going to be paged in

0 9 2 6 
4 is going to be paged in
2 evicted

0 9 4 6 
2 is going to be paged in
0 evicted

2 9 4 6 
6 is going to be paged in

2 9 4 6 
6 is going to be paged in

2 9 4 6 
1 is going to be paged in
6 evicted

2 9 4 1 
4 is going to be paged in

2 9 4 1 
7 is going to be paged in
4 evicted

2 9 7 1 
4 is going to be paged in
2 evicted

4 9 7 1 
9 is going to be paged in

4 9 7 1 
4 is going to be paged in

4 9 7 1 
0 is going to be paged in
4 evicted

0 9 7 1 
2 is going to be paged in
9 evicted

0 2 7 1 
5 is going to be paged in
0 evicted

5 2 7 1 
4 is going to be paged in
5 evicted

4 2 7 1 
0 is going to be paged in
4 evicted

0 2 7 1 
1 is going to be paged in

0 2 7 1 
2 is going to be paged in

0 2 7 1 
5 is going to be paged in
2 evicted

0 5 7 1 
6 is going to be paged in
1 evicted

0 5 7 6 
4 is going to be paged in
0 evicted

4 5 7 6 
1 is going to be paged in
4 evicted

1 5 7 6 
1 is going to be paged in

1 5 7 6 
3 is going to be paged in
1 evicted

3 5 7 6 
0 is going to be paged in
3 evicted

0 5 7 6 
1 is going to be paged in
0 evicted

1 5 7 6 
2 is going to be paged in
1 evicted

2 5 7 6 
3 is going to be paged in
2 evicted

3 5 7 6 
2 is going to be paged in
3 evicted

2 5 7 6 
4 is going to be paged in
2 evicted

4 5 7 6 
1 is going to be paged in
4 evicted

1 5 7 6 
5 is going to be paged in

1 5 7 6 
3 is going to be paged in
5 evicted

1 3 7 6 
3 is going to be paged in

1 3 7 6 
1 is going to be paged in

1 3 7 6 
4 is going to be paged in
1 evicted

4 3 7 6 
2 is going to be paged in
3 evicted

4 2 7 6 
5 is going to be paged in
4 evicted

5 2 7 6 
4 is going to be paged in
5 evicted

4 2 7 6 
6 is going to be paged in

4 2 7 6 
0 is going to be paged in
6 evicted

4 2 7 0 
6 is going to be paged in
4 evicted

6 2 7 0 
2 is going to be paged in

6 2 7 0 
3 is going to be paged in
2 evicted

6 3 7 0 
6 is going to be paged in

6 3 7 0 
1 is going to be paged in
6 evicted

1 3 7 0 
2 is going to be paged in
1 evicted

2 3 7 0 
1 is going to be paged in
2 evicted

1 3 7 0 
6 is going to be paged in
1 evicted

6 3 7 0 
6 is going to be paged in

6 3 7 0 
2 is going to be paged in
6 evicted

2 3 7 0 
5 is going to be paged in
2 evicted


MFU run 3 ************************************
-1 -1 -1 -1 
6 is going to be paged in

6 -1 -1 -1 
0 is going to be paged in

6 0 -1 -1 
4 is going to be paged in

6 0 4 -1 
6 is going to be paged in

6 0 4 -1 
3 is going to be paged in

6 0 4 3 
2 is going to be paged in
6 evicted

2 0 4 3 
6 is going to be paged in
0 evicted

2 6 4 3 
5 is going to be paged in
4 evicted

2 6 5 3 
7 is going to be paged in
3 evicted

2 6 5 7 
5 is going to be paged in

2 6 5 7 
5 is going to be paged in

2 6 5 7 
6 is going to be paged in

2 6 5 7 
2 is going to be paged in

2 6 5 7 
7 is going to be paged in

2 6 5 7 
2 is going to be paged in

2 6 5 7 
7 is going to be paged in

2 6 5 7 
6 is going to be paged in

2 6 5 7 
3 is going to be paged in
2 evicted

3 6 5 7 
3 is going to be paged in

3 6 5 7 
1 is going to be paged in
6 evicted

3 1 5 7 
4 is going to be paged in
5 evicted

3 1 4 7 
3 is going to be paged in

3 1 4 7 
0 is going to be paged in
3 evicted

0 1 4 7 
2 is going to be paged in
7 evicted

0 1 4 2 
1 is going to be paged in

0 1 4 2 
9 is going to be paged in
1 evicted

0 9 4 2 
6 is going to be paged in
0 evicted

6 9 4 2 
1 is going to be paged in
6 evicted

1 9 4 2 
1 is going to be paged in

1 9 4 2 
3 is going to be paged in
1 evicted

3 9 4 2 
4 is going to be paged in

3 9 4 2 
1 is going to be paged in
4 evicted

3 9 1 2 
5 is going to be paged in
3 evicted

5 9 1 2 
6 is going to be paged in
5 evicted

6 9 1 2 
5 is going to be paged in
6 evicted

5 9 1 2 
3 is going to be paged in
5 evicted

3 9 1 2 
0 is going to be paged in
3 evicted

0 9 1 2 
0 is going to be paged in

0 9 1 2 
2 is going to be paged in

0 9 1 2 
6 is going to be paged in
0 evicted

6 9 1 2 
7 is going to be paged in
2 evicted

6 9 1 7 
4 is going to be paged in
6 evicted

4 9 1 7 
1 is going to be paged in

4 9 1 7 
4 is going to be paged in

4 9 1 7 
3 is going to be paged in
4 evicted

3 9 1 7 
0 is going to be paged in
1 evicted

3 9 0 7 
5 is going to be paged in
3 evicted

5 9 0 7 
3 is going to be paged in
5 evicted

3 9 0 7 
6 is going to be paged in
3 evicted

6 9 0 7 
4 is going to be paged in
6 evicted

4 9 0 7 
0 is going to be paged in

4 9 0 7 
4 is going to be paged in

4 9 0 7 
5 is going to be paged in
4 evicted

5 9 0 7 
1 is going to be paged in
0 evicted

5 9 1 7 
2 is going to be paged in
5 evicted

2 9 1 7 
3 is going to be paged in
2 evicted

3 9 1 7 
0 is going to be paged in
3 evicted

0 9 1 7 
4 is going to be paged in
0 evicted

4 9 1 7 
1 is going to be paged in

4 9 1 7 
1 is going to be paged in

4 9 1 7 
1 is going to be paged in

4 9 1 7 
4 is going to be paged in

4 9 1 7 
7 is going to be paged in

4 9 1 7 
1 is going to be paged in

4 9 1 7 
1 is going to be paged in

4 9 1 7 
4 is going to be paged in

4 9 1 7 
5 is going to be paged in
1 evicted

4 9 5 7 
9 is going to be paged in

4 9 5 7 
4 is going to be paged in

4 9 5 7 
3 is going to be paged in
4 evicted

3 9 5 7 
5 is going to be paged in

3 9 5 7 
4 is going to be paged in
9 evicted

3 4 5 7 
5 is going to be paged in

3 4 5 7 
6 is going to be paged in
5 evicted

3 4 6 7 
0 is going to be paged in
7 evicted

3 4 6 0 
5 is going to be paged in
3 evicted

5 4 6 0 
1 is going to be paged in
5 evicted

1 4 6 0 
2 is going to be paged in
1 evicted

2 4 6 0 
5 is going to be paged in
2 evicted

5 4 6 0 
9 is going to be paged in
5 evicted

9 4 6 0 
2 is going to be paged in
9 evicted

2 4 6 0 
9 is going to be paged in
2 evicted

9 4 6 0 
5 is going to be paged in
9 evicted

5 4 6 0 
5 is going to be paged in

5 4 6 0 
4 is going to be paged in

5 4 6 0 
1 is going to be paged in
5 evicted

1 4 6 0 
3 is going to be paged in
4 evicted

1 3 6 0 
4 is going to be paged in
1 evicted

4 3 6 0 
6 is going to be paged in

4 3 6 0 
5 is going to be paged in
6 evicted

4 3 5 0 
4 is going to be paged in

4 3 5 0 
5 is going to be paged in

4 3 5 0 
9 is going to be paged in
4 evicted

9 3 5 0 
9 is going to be paged in

9 3 5 0 
3 is going to be paged in

9 3 5 0 
5 is going to be paged in

9 3 5 0 
1 is going to be paged in
5 evicted

9 3 1 0 
2 is going to be paged in
9 evicted

2 3 1 0 
3 is going to be paged in

2 3 1 0 
3 is going to be paged in


MFU run 4 ************************************
-1 -1 -1 -1 
0 is going to be paged in

0 -1 -1 -1 
1 is going to be paged in

0 1 -1 -1 
3 is going to be paged in

0 1 3 -1 
0 is going to be paged in

0 1 3 -1 
1 is going to be paged in

0 1 3 -1 
3 is going to be paged in

0 1 3 -1 
4 is going to be paged in

0 1 3 4 
2 is going to be paged in
0 evicted

2 1 3 4 
3 is going to be paged in

2 1 3 4 
2 is going to be paged in

2 1 3 4 
3 is going to be paged in

2 1 3 4 
6 is going to be paged in
3 evicted

2 1 6 4 
5 is going to be paged in
1 evicted

2 5 6 4 
3 is going to be paged in
2 evicted

3 5 6 4 
0 is going to be paged in
4 evicted

3 5 6 0 
0 is going to be paged in

3 5 6 0 
5 is going to be paged in

3 5 6 0 
3 is going to be paged in

3 5 6 0 
3 is going to be paged in

3 5 6 0 
4 is going to be paged in
3 evicted

4 5 6 0 
4 is going to be paged in

4 5 6 0 
7 is going to be paged in
4 evicted

7 5 6 0 
1 is going to be paged in
5 evicted

7 1 6 0 
4 is going to be paged in
0 evicted

7 1 6 4 
0 is going to be paged in
7 evicted

0 1 6 4 
2 is going to be paged in
0 evicted

2 1 6 4 
5 is going to be paged in
2 evicted

5 1 6 4 
1 is going to be paged in

5 1 6 4 
1 is going to be paged in

5 1 6 4 
2 is going to be paged in
1 evicted

5 2 6 4 
3 is going to be paged in
5 evicted

3 2 6 4 
4 is going to be paged in

3 2 6 4 
1 is going to be paged in
4 evicted

3 2 6 1 
5 is going to be paged in
3 evicted

5 2 6 1 
7 is going to be paged in
5 evicted

7 2 6 1 
2 is going to be paged in

7 2 6 1 
9 is going to be paged in
2 evicted

7 9 6 1 
3 is going to be paged in
7 evicted

3 9 6 1 
1 is going to be paged in

3 9 6 1 
1 is going to be paged in

3 9 6 1 
3 is going to be paged in

3 9 6 1 
0 is going to be paged in
1 evicted

3 9 6 0 
5 is going to be paged in
3 evicted

5 9 6 0 
7 is going to be paged in
5 evicted

7 9 6 0 
1 is going to be paged in
7 evicted

1 9 6 0 
1 is going to be paged in

1 9 6 0 
1 is going to be paged in

1 9 6 0 
5 is going to be paged in
1 evicted

5 9 6 0 
5 is going to be paged in

5 9 6 0 
4 is going to be paged in
5 evicted

4 9 6 0 
3 is going to be paged in
4 evicted

3 9 6 0 
5 is going to be paged in
3 evicted

5 9 6 0 
0 is going to be paged in

5 9 6 0 
5 is going to be paged in

5 9 6 0 
2 is going to be paged in
5 evicted

2 9 6 0 
4 is going to be paged in
0 evicted

2 9 6 4 
1 is going to be paged in
2 evicted

1 9 6 4 
0 is going to be paged in
1 evicted

0 9 6 4 
3 is going to be paged in
0 evicted

3 9 6 4 
4 is going to be paged in

3 9 6 4 
4 is going to be paged in

3 9 6 4 
1 is going to be paged in
4 evicted

3 9 6 1 
0 is going to be paged in
3 evicted

0 9 6 1 
5 is going to be paged in
0 evicted

5 9 6 1 
0 is going to be paged in
5 evicted

0 9 6 1 
5 is going to be paged in
0 evicted

5 9 6 1 
3 is going to be paged in
5 evicted

3 9 6 1 
2 is going to be paged in
3 evicted

2 9 6 1 
2 is going to be paged in

2 9 6 1 
3 is going to be paged in
2 evicted

3 9 6 1 
2 is going to be paged in
3 evicted

2 9 6 1 
1 is going to be paged in

2 9 6 1 
5 is going to be paged in
1 evicted

2 9 6 5 
4 is going to be paged in
2 evicted

4 9 6 5 
1 is going to be paged in
4 evicted

1 9 6 5 
0 is going to be paged in
1 evicted

0 9 6 5 
3 is going to be paged in
0 evicted

3 9 6 5 
6 is going to be paged in

3 9 6 5 
4 is going to be paged in
6 evicted

3 9 4 5 
1 is going to be paged in
3 evicted

1 9 4 5 
6 is going to be paged in
1 evicted

6 9 4 5 
4 is going to be paged in

6 9 4 5 
3 is going to be paged in
4 evicted

6 9 3 5 
3 is going to be paged in

6 9 3 5 
5 is going to be paged in

6 9 3 5 
0 is going to be paged in
3 evicted

6 9 0 5 
7 is going to be paged in
5 evicted

6 9 0 7 
5 is going to be paged in
6 evicted

5 9 0 7 
3 is going to be paged in
5 evicted

3 9 0 7 
4 is going to be paged in
3 evicted

4 9 0 7 
6 is going to be paged in
4 evicted

6 9 0 7 
3 is going to be paged in
6 evicted

3 9 0 7 
1 is going to be paged in
3 evicted

1 9 0 7 
4 is going to be paged in
1 evicted

4 9 0 7 
3 is going to be paged in
4 evicted

3 9 0 7 
3 is going to be paged in

3 9 0 7 
3 is going to be paged in

3 9 0 7 
1 is going to be paged in
3 evicted

1 9 0 7 
1 is going to be paged in

1 9 0 7 
6 is going to be paged in
1 evicted


MFU run 5 ************************************
-1 -1 -1 -1 
2 is going to be paged in

2 -1 -1 -1 
0 is going to be paged in

2 0 -1 -1 
3 is going to be paged in

2 0 3 -1 
1 is going to be paged in

2 0 3 1 
3 is going to be paged in

2 0 3 1 
1 is going to be paged in

2 0 3 1 
2 is going to be paged in

2 0 3 1 
4 is going to be paged in
2 evicted

4 0 3 1 
4 is going to be paged in

4 0 3 1 
2 is going to be paged in
3 evicted

4 0 2 1 
4 is going to be paged in

4 0 2 1 
3 is going to be paged in
4 evicted

3 0 2 1 
3 is going to be paged in

3 0 2 1 
1 is going to be paged in

3 0 2 1 
5 is going to be paged in
1 evicted

3 0 2 5 
1 is going to be paged in
3 evicted

1 0 2 5 
5 is going to be paged in

1 0 2 5 
1 is going to be paged in

1 0 2 5 
5 is going to be paged in

1 0 2 5 
6 is going to be paged in
5 evicted

1 0 2 6 
4 is going to be paged in
1 evicted

4 0 2 6 
1 is going to be paged in
0 evicted

4 1 2 6 
1 is going to be paged in

4 1 2 6 
3 is going to be paged in
1 evicted

4 3 2 6 
1 is going to be paged in
4 evicted

1 3 2 6 
4 is going to be paged in
1 evicted

4 3 2 6 
2 is going to be paged in

4 3 2 6 
3 is going to be paged in

4 3 2 6 
2 is going to be paged in

4 3 2 6 
3 is going to be paged in

4 3 2 6 
3 is going to be paged in

4 3 2 6 
0 is going to be paged in
3 evicted

4 0 2 6 
4 is going to be paged in

4 0 2 6 
9 is going to be paged in
2 evicted

4 0 9 6 
7 is going to be paged in
4 evicted

7 0 9 6 
1 is going to be paged in
7 evicted

1 0 9 6 
6 is going to be paged in

1 0 9 6 
2 is going to be paged in
6 evicted

1 0 9 2 
6 is going to be paged in
1 evicted

6 0 9 2 
7 is going to be paged in
6 evicted

7 0 9 2 
3 is going to be paged in
7 evicted

3 0 9 2 
6 is going to be paged in
3 evicted

6 0 9 2 
0 is going to be paged in

6 0 9 2 
4 is going to be paged in
0 evicted

6 4 9 2 
2 is going to be paged in

6 4 9 2 
2 is going to be paged in

6 4 9 2 
1 is going to be paged in
2 evicted

6 4 9 1 
0 is going to be paged in
6 evicted

0 4 9 1 
7 is going to be paged in
0 evicted

7 4 9 1 
1 is going to be paged in

7 4 9 1 
6 is going to be paged in
1 evicted

7 4 9 6 
2 is going to be paged in
7 evicted

2 4 9 6 
2 is going to be paged in

2 4 9 6 
5 is going to be paged in
2 evicted

5 4 9 6 
7 is going to be paged in
5 evicted

7 4 9 6 
1 is going to be paged in
7 evicted

1 4 9 6 
4 is going to be paged in

1 4 9 6 
5 is going to be paged in
4 evicted

1 5 9 6 
2 is going to be paged in
1 evicted

2 5 9 6 
2 is going to be paged in

2 5 9 6 
1 is going to be paged in
2 evicted

1 5 9 6 
4 is going to be paged in
1 evicted

4 5 9 6 
5 is going to be paged in

4 5 9 6 
4 is going to be paged in

4 5 9 6 
2 is going to be paged in
4 evicted

2 5 9 6 
4 is going to be paged in
5 evicted

2 4 9 6 
1 is going to be paged in
2 evicted

1 4 9 6 
3 is going to be paged in
1 evicted

3 4 9 6 
6 is going to be paged in

3 4 9 6 
1 is going to be paged in
6 evicted

3 4 9 1 
4 is going to be paged in

3 4 9 1 
4 is going to be paged in

3 4 9 1 
4 is going to be paged in

3 4 9 1 
1 is going to be paged in

3 4 9 1 
2 is going to be paged in
4 evicted

3 2 9 1 
9 is going to be paged in

3 2 9 1 
3 is going to be paged in

3 2 9 1 
1 is going to be paged in

3 2 9 1 
1 is going to be paged in

3 2 9 1 
1 is going to be paged in

3 2 9 1 
2 is going to be paged in

3 2 9 1 
5 is going to be paged in
1 evicted

3 2 9 5 
4 is going to be paged in
3 evicted

4 2 9 5 
0 is going to be paged in
2 evicted

4 0 9 5 
2 is going to be paged in
9 evicted

4 0 2 5 
3 is going to be paged in
4 evicted

3 0 2 5 
4 is going to be paged in
3 evicted

4 0 2 5 
6 is going to be paged in
4 evicted

6 0 2 5 
4 is going to be paged in
6 evicted

4 0 2 5 
4 is going to be paged in

4 0 2 5 
1 is going to be paged in
4 evicted

1 0 2 5 
1 is going to be paged in

1 0 2 5 
7 is going to be paged in
1 evicted

7 0 2 5 
6 is going to be paged in
7 evicted

6 0 2 5 
2 is going to be paged in

6 0 2 5 
6 is going to be paged in

6 0 2 5 
6 is going to be paged in

6 0 2 5 
0 is going to be paged in

6 0 2 5 
1 is going to be paged in
6 evicted

1 0 2 5 
4 is going to be paged in
0 evicted


RP run 1 ************************************
-1 -1 -1 -1 
0 is going to be paged in

0 -1 -1 -1 
4 is going to be paged in

0 4 -1 -1 
0 is going to be paged in

0 4 -1 -1 
4 is going to be paged in

0 4 -1 -1 
9 is going to be paged in

0 4 9 -1 
4 is going to be paged in

0 4 9 -1 
9 is going to be paged in

0 4 9 -1 
2 is going to be paged in

0 4 9 2 
0 is going to be paged in

0 4 9 2 
2 is going to be paged in

0 4 9 2 
6 is going to be paged in
0 evicted

6 4 9 2 
2 is going to be paged in

6 4 9 2 
6 is going to be paged in

6 4 9 2 
4 is going to be paged in

6 4 9 2 
4 is going to be paged in

6 4 9 2 
0 is going to be paged in
2 evicted

6 4 9 0 
2 is going to be paged in
6 evicted

2 4 9 0 
3 is going to be paged in
4 evicted

2 3 9 0 
2 is going to be paged in

2 3 9 0 
4 is going to be paged in
3 evicted

2 4 9 0 
1 is going to be paged in
9 evicted

2 4 1 0 
9 is going to be paged in
0 evicted

2 4 1 9 
5 is going to be paged in
1 evicted

2 4 5 9 
0 is going to be paged in
5 evicted

2 4 0 9 
5 is going to be paged in
0 evicted

2 4 5 9 
2 is going to be paged in

2 4 5 9 
1 is going to be paged in
9 evicted

2 4 5 1 
6 is going to be paged in
4 evicted

2 6 5 1 
3 is going to be paged in
2 evicted

3 6 5 1 
9 is going to be paged in
6 evicted

3 9 5 1 
3 is going to be paged in

3 9 5 1 
3 is going to be paged in

3 9 5 1 
9 is going to be paged in

3 9 5 1 
2 is going to be paged in
3 evicted

2 9 5 1 
1 is going to be paged in

2 9 5 1 
0 is going to be paged in
2 evicted

0 9 5 1 
3 is going to be paged in
0 evicted

3 9 5 1 
5 is going to be paged in

3 9 5 1 
1 is going to be paged in

3 9 5 1 
5 is going to be paged in

3 9 5 1 
1 is going to be paged in

3 9 5 1 
1 is going to be paged in

3 9 5 1 
4 is going to be paged in
9 evicted

3 4 5 1 
3 is going to be paged in

3 4 5 1 
7 is going to be paged in
3 evicted

7 4 5 1 
5 is going to be paged in

7 4 5 1 
2 is going to be paged in
1 evicted

7 4 5 2 
5 is going to be paged in

7 4 5 2 
2 is going to be paged in

7 4 5 2 
3 is going to be paged in
5 evicted

7 4 3 2 
5 is going to be paged in
3 evicted

7 4 5 2 
3 is going to be paged in
4 evicted

7 3 5 2 
5 is going to be paged in

7 3 5 2 
7 is going to be paged in

7 3 5 2 
9 is going to be paged in
5 evicted

7 3 9 2 
2 is going to be paged in

7 3 9 2 
2 is going to be paged in

7 3 9 2 
5 is going to be paged in
2 evicted

7 3 9 5 
5 is going to be paged in

7 3 9 5 
0 is going to be paged in
7 evicted

0 3 9 5 
4 is going to be paged in
3 evicted

0 4 9 5 
6 is going to be paged in
5 evicted

0 4 9 6 
3 is going to be paged in
6 evicted

0 4 9 3 
4 is going to be paged in

0 4 9 3 
5 is going to be paged in
9 evicted

0 4 5 3 
1 is going to be paged in
0 evicted

1 4 5 3 
0 is going to be paged in
1 evicted

0 4 5 3 
3 is going to be paged in

0 4 5 3 
4 is going to be paged in

0 4 5 3 
9 is going to be paged in
3 evicted

0 4 5 9 
2 is going to be paged in
0 evicted

2 4 5 9 
6 is going to be paged in
2 evicted

6 4 5 9 
6 is going to be paged in

6 4 5 9 
0 is going to be paged in
4 evicted

6 0 5 9 
1 is going to be paged in
0 evicted

6 1 5 9 
4 is going to be paged in
6 evicted

4 1 5 9 
0 is going to be paged in
9 evicted

4 1 5 0 
1 is going to be paged in

4 1 5 0 
6 is going to be paged in
4 evicted

6 1 5 0 
4 is going to be paged in
6 evicted

4 1 5 0 
5 is going to be paged in

4 1 5 0 
3 is going to be paged in
1 evicted

4 3 5 0 
4 is going to be paged in

4 3 5 0 
2 is going to be paged in
0 evicted

4 3 5 2 
0 is going to be paged in
4 evicted

0 3 5 2 
2 is going to be paged in

0 3 5 2 
4 is going to be paged in
5 evicted

0 3 4 2 
0 is going to be paged in

0 3 4 2 
2 is going to be paged in

0 3 4 2 
4 is going to be paged in

0 3 4 2 
7 is going to be paged in
3 evicted

0 7 4 2 
4 is going to be paged in

0 7 4 2 
4 is going to be paged in

0 7 4 2 
5 is going to be paged in
0 evicted

5 7 4 2 
5 is going to be paged in

5 7 4 2 
4 is going to be paged in

5 7 4 2 
5 is going to be paged in

5 7 4 2 
6 is going to be paged in
5 evicted

6 7 4 2 
2 is going to be paged in

6 7 4 2 
1 is going to be paged in
7 evicted


RP run 2 ************************************
-1 -1 -1 -1 
3 is going to be paged in

3 -1 -1 -1 
5 is going to be paged in

3 5 -1 -1 
6 is going to be paged in

3 5 6 -1 
1 is going to be paged in

3 5 6 1 
5 is going to be paged in

3 5 6 1 
0 is going to be paged in
6 evicted

3 5 0 1 
2 is going to be paged in
3 evicted

2 5 0 1 
2 is going to be paged in

2 5 0 1 
4 is going to be paged in
2 evicted

4 5 0 1 
3 is going to be paged in
0 evicted

4 5 3 1 
4 is going to be paged in

4 5 3 1 
2 is going to be paged in
5 evicted

4 2 3 1 
7 is going to be paged in
4 evicted

7 2 3 1 
9 is going to be paged in
1 evicted

7 2 3 9 
4 is going to be paged in
9 evicted

7 2 3 4 
3 is going to be paged in

7 2 3 4 
4 is going to be paged in

7 2 3 4 
2 is going to be paged in

7 2 3 4 
3 is going to be paged in

7 2 3 4 
7 is going to be paged in

7 2 3 4 
1 is going to be paged in
3 evicted

7 2 1 4 
2 is going to be paged in

7 2 1 4 
4 is going to be paged in

7 2 1 4 
4 is going to be paged in

7 2 1 4 
1 is going to be paged in

7 2 1 4 
2 is going to be paged in

7 2 1 4 
0 is going to be paged in
1 evicted

7 2 0 4 
4 is going to be paged in

7 2 0 4 
0 is going to be paged in

7 2 0 4 
6 is going to be paged in
0 evicted

7 2 6 4 
0 is going to be paged in
7 evicted

0 2 6 4 
9 is going to be paged in
2 evicted

0 9 6 4 
0 is going to be paged in

0 9 6 4 
2 is going to be paged in
4 evicted

0 9 6 2 
9 is going to be paged in

0 9 6 2 
0 is going to be paged in

0 9 6 2 
1 is going to be paged in
6 evicted

0 9 1 2 
3 is going to be paged in
0 evicted

3 9 1 2 
2 is going to be paged in

3 9 1 2 
3 is going to be paged in

3 9 1 2 
5 is going to be paged in
3 evicted

5 9 1 2 
5 is going to be paged in

5 9 1 2 
7 is going to be paged in
1 evicted

5 9 7 2 
6 is going to be paged in
5 evicted

6 9 7 2 
7 is going to be paged in

6 9 7 2 
1 is going to be paged in
6 evicted

1 9 7 2 
2 is going to be paged in

1 9 7 2 
7 is going to be paged in

1 9 7 2 
1 is going to be paged in

1 9 7 2 
3 is going to be paged in
9 evicted

1 3 7 2 
5 is going to be paged in
1 evicted

5 3 7 2 
4 is going to be paged in
2 evicted

5 3 7 4 
5 is going to be paged in

5 3 7 4 
5 is going to be paged in

5 3 7 4 
5 is going to be paged in

5 3 7 4 
3 is going to be paged in

5 3 7 4 
2 is going to be paged in
5 evicted

2 3 7 4 
6 is going to be paged in
4 evicted

2 3 7 6 
4 is going to be paged in
2 evicted

4 3 7 6 
2 is going to be paged in
7 evicted

4 3 2 6 
1 is going to be paged in
2 evicted

4 3 1 6 
0 is going to be paged in
4 evicted

0 3 1 6 
3 is going to be paged in

0 3 1 6 
7 is going to be paged in
0 evicted

7 3 1 6 
0 is going to be paged in
3 evicted

7 0 1 6 
3 is going to be paged in
7 evicted

3 0 1 6 
9 is going to be paged in
3 evicted

9 0 1 6 
2 is going to be paged in
1 evicted

9 0 2 6 
2 is going to be paged in

9 0 2 6 
2 is going to be paged in

9 0 2 6 
1 is going to be paged in
0 evicted

9 1 2 6 
0 is going to be paged in
9 evicted

0 1 2 6 
6 is going to be paged in

0 1 2 6 
0 is going to be paged in

0 1 2 6 
0 is going to be paged in

0 1 2 6 
0 is going to be paged in

0 1 2 6 
1 is going to be paged in

0 1 2 6 
0 is going to be paged in

0 1 2 6 
3 is going to be paged in
0 evicted

3 1 2 6 
7 is going to be paged in
3 evicted

7 1 2 6 
6 is going to be paged in

7 1 2 6 
5 is going to be paged in
1 evicted

7 5 2 6 
3 is going to be paged in
2 evicted

7 5 3 6 
7 is going to be paged in

7 5 3 6 
6 is going to be paged in

7 5 3 6 
3 is going to be paged in

7 5 3 6 
1 is going to be paged in
7 evicted

1 5 3 6 
0 is going to be paged in
1 evicted

0 5 3 6 
7 is going to be paged in
6 evicted

0 5 3 7 
3 is going to be paged in

0 5 3 7 
1 is going to be paged in
3 evicted

0 5 1 7 
1 is going to be paged in

0 5 1 7 
3 is going to be paged in
5 evicted

0 3 1 7 
7 is going to be paged in

0 3 1 7 
3 is going to be paged in

0 3 1 7 
3 is going to be paged in

0 3 1 7 
5 is going to be paged in
7 evicted

0 3 1 5 
1 is going to be paged in

0 3 1 5 
2 is going to be paged in
1 evicted

0 3 2 5 
3 is going to be paged in


RP run 3 ************************************
-1 -1 -1 -1 
4 is going to be paged in

4 -1 -1 -1 
3 is going to be paged in

4 3 -1 -1 
2 is going to be paged in

4 3 2 -1 
6 is going to be paged in

4 3 2 6 
7 is going to be paged in
4 evicted

7 3 2 6 
3 is going to be paged in

7 3 2 6 
4 is going to be paged in
6 evicted

7 3 2 4 
5 is going to be paged in
3 evicted

7 5 2 4 
7 is going to be paged in

7 5 2 4 
0 is going to be paged in
5 evicted

7 0 2 4 
3 is going to be paged in
2 evicted

7 0 3 4 
1 is going to be paged in
4 evicted

7 0 3 1 
2 is going to be paged in
3 evicted

7 0 2 1 
9 is going to be paged in
2 evicted

7 0 9 1 
4 is going to be paged in
9 evicted

7 0 4 1 
4 is going to be paged in

7 0 4 1 
5 is going to be paged in
4 evicted

7 0 5 1 
9 is going to be paged in
1 evicted

7 0 5 9 
0 is going to be paged in

7 0 5 9 
1 is going to be paged in
9 evicted

7 0 5 1 
1 is going to be paged in

7 0 5 1 
1 is going to be paged in

7 0 5 1 
5 is going to be paged in

7 0 5 1 
4 is going to be paged in
1 evicted

7 0 5 4 
6 is going to be paged in
7 evicted

6 0 5 4 
1 is going to be paged in
6 evicted

1 0 5 4 
4 is going to be paged in

1 0 5 4 
1 is going to be paged in

1 0 5 4 
6 is going to be paged in
1 evicted

6 0 5 4 
6 is going to be paged in

6 0 5 4 
7 is going to be paged in
0 evicted

6 7 5 4 
6 is going to be paged in

6 7 5 4 
1 is going to be paged in
4 evicted

6 7 5 1 
0 is going to be paged in
7 evicted

6 0 5 1 
1 is going to be paged in

6 0 5 1 
2 is going to be paged in
1 evicted

6 0 5 2 
7 is going to be paged in
0 evicted

6 7 5 2 
5 is going to be paged in

6 7 5 2 
5 is going to be paged in

6 7 5 2 
6 is going to be paged in

6 7 5 2 
3 is going to be paged in
6 evicted

3 7 5 2 
1 is going to be paged in
3 evicted

1 7 5 2 
0 is going to be paged in
5 evicted

1 7 0 2 
6 is going to be paged in
1 evicted

6 7 0 2 
5 is going to be paged in
0 evicted

6 7 5 2 
5 is going to be paged in

6 7 5 2 
2 is going to be paged in

6 7 5 2 
1 is going to be paged in
6 evicted

1 7 5 2 
5 is going to be paged in

1 7 5 2 
6 is going to be paged in
5 evicted

1 7 6 2 
7 is going to be paged in

1 7 6 2 
3 is going to be paged in
7 evicted

1 3 6 2 
7 is going to be paged in
1 evicted

7 3 6 2 
5 is going to be paged in
7 evicted

5 3 6 2 
0 is going to be paged in
6 evicted

5 3 0 2 
6 is going to be paged in
0 evicted

5 3 6 2 
4 is going to be paged in
6 evicted

5 3 4 2 
3 is going to be paged in

5 3 4 2 
1 is going to be paged in
5 evicted

1 3 4 2 
3 is going to be paged in

1 3 4 2 
4 is going to be paged in

1 3 4 2 
5 is going to be paged in
4 evicted

1 3 5 2 
1 is going to be paged in

1 3 5 2 
4 is going to be paged in
1 evicted

4 3 5 2 
6 is going to be paged in
2 evicted

4 3 5 6 
6 is going to be paged in

4 3 5 6 
4 is going to be paged in

4 3 5 6 
4 is going to be paged in

4 3 5 6 
4 is going to be paged in

4 3 5 6 
0 is going to be paged in
3 evicted

4 0 5 6 
1 is going to be paged in
0 evicted

4 1 5 6 
1 is going to be paged in

4 1 5 6 
5 is going to be paged in

4 1 5 6 
6 is going to be paged in

4 1 5 6 
1 is going to be paged in

4 1 5 6 
0 is going to be paged in
6 evicted

4 1 5 0 
5 is going to be paged in

4 1 5 0 
3 is going to be paged in
4 evicted

3 1 5 0 
4 is going to be paged in
3 evicted

4 1 5 0 
5 is going to be paged in

4 1 5 0 
5 is going to be paged in

4 1 5 0 
3 is going to be paged in
1 evicted

4 3 5 0 
1 is going to be paged in
5 evicted

4 3 1 0 
2 is going to be paged in
4 evicted

2 3 1 0 
5 is going to be paged in
1 evicted

2 3 5 0 
6 is going to be paged in
5 evicted

2 3 6 0 
2 is going to be paged in

2 3 6 0 
5 is going to be paged in
6 evicted

2 3 5 0 
0 is going to be paged in

2 3 5 0 
6 is going to be paged in
5 evicted

2 3 6 0 
9 is going to be paged in
3 evicted

2 9 6 0 
3 is going to be paged in
9 evicted

2 3 6 0 
1 is going to be paged in
0 evicted

2 3 6 1 
3 is going to be paged in

2 3 6 1 
1 is going to be paged in

2 3 6 1 
0 is going to be paged in
6 evicted

2 3 0 1 
1 is going to be paged in

2 3 0 1 
3 is going to be paged in

2 3 0 1 
5 is going to be paged in
2 evicted

5 3 0 1 
3 is going to be paged in


RP run 4 ************************************
-1 -1 -1 -1 
1 is going to be paged in

1 -1 -1 -1 
1 is going to be paged in

1 -1 -1 -1 
5 is going to be paged in

1 5 -1 -1 
1 is going to be paged in

1 5 -1 -1 
5 is going to be paged in

1 5 -1 -1 
3 is going to be paged in

1 5 3 -1 
6 is going to be paged in

1 5 3 6 
4 is going to be paged in
6 evicted

1 5 3 4 
6 is going to be paged in
5 evicted

1 6 3 4 
7 is going to be paged in
1 evicted

7 6 3 4 
5 is going to be paged in
3 evicted

7 6 5 4 
6 is going to be paged in

7 6 5 4 
6 is going to be paged in

7 6 5 4 
2 is going to be paged in
5 evicted

7 6 2 4 
4 is going to be paged in

7 6 2 4 
6 is going to be paged in

7 6 2 4 
6 is going to be paged in

7 6 2 4 
6 is going to be paged in

7 6 2 4 
2 is going to be paged in

7 6 2 4 
9 is going to be paged in
2 evicted

7 6 9 4 
2 is going to be paged in
7 evicted

2 6 9 4 
2 is going to be paged in

2 6 9 4 
1 is going to be paged in
2 evicted

1 6 9 4 
4 is going to be paged in

1 6 9 4 
9 is going to be paged in

1 6 9 4 
9 is going to be paged in

1 6 9 4 
2 is going to be paged in
1 evicted

2 6 9 4 
0 is going to be paged in
6 evicted

2 0 9 4 
2 is going to be paged in

2 0 9 4 
5 is going to be paged in
2 evicted

5 0 9 4 
4 is going to be paged in

5 0 9 4 
3 is going to be paged in
0 evicted

5 3 9 4 
1 is going to be paged in
9 evicted

5 3 1 4 
4 is going to be paged in

5 3 1 4 
3 is going to be paged in

5 3 1 4 
1 is going to be paged in

5 3 1 4 
9 is going to be paged in
3 evicted

5 9 1 4 
1 is going to be paged in

5 9 1 4 
1 is going to be paged in

5 9 1 4 
3 is going to be paged in
4 evicted

5 9 1 3 
2 is going to be paged in
3 evicted

5 9 1 2 
4 is going to be paged in
5 evicted

4 9 1 2 
5 is going to be paged in
4 evicted

5 9 1 2 
0 is going to be paged in
5 evicted

0 9 1 2 
3 is going to be paged in
9 evicted

0 3 1 2 
9 is going to be paged in
1 evicted

0 3 9 2 
5 is going to be paged in
0 evicted

5 3 9 2 
5 is going to be paged in

5 3 9 2 
4 is going to be paged in
5 evicted

4 3 9 2 
7 is going to be paged in
3 evicted

4 7 9 2 
6 is going to be paged in
2 evicted

4 7 9 6 
5 is going to be paged in
7 evicted

4 5 9 6 
1 is going to be paged in
6 evicted

4 5 9 1 
4 is going to be paged in

4 5 9 1 
1 is going to be paged in

4 5 9 1 
1 is going to be paged in

4 5 9 1 
3 is going to be paged in
4 evicted

3 5 9 1 
2 is going to be paged in
3 evicted

2 5 9 1 
1 is going to be paged in

2 5 9 1 
6 is going to be paged in
2 evicted

6 5 9 1 
1 is going to be paged in

6 5 9 1 
5 is going to be paged in

6 5 9 1 
0 is going to be paged in
1 evicted

6 5 9 0 
2 is going to be paged in
9 evicted

6 5 2 0 
7 is going to be paged in
0 evicted

6 5 2 7 
6 is going to be paged in

6 5 2 7 
0 is going to be paged in
6 evicted

0 5 2 7 
4 is going to be paged in
0 evicted

4 5 2 7 
2 is going to be paged in

4 5 2 7 
2 is going to be paged in

4 5 2 7 
6 is going to be paged in
2 evicted

4 5 6 7 
0 is going to be paged in
7 evicted

4 5 6 0 
9 is going to be paged in
6 evicted

4 5 9 0 
2 is going to be paged in
9 evicted

4 5 2 0 
1 is going to be paged in
4 evicted

1 5 2 0 
1 is going to be paged in

1 5 2 0 
3 is going to be paged in
1 evicted

3 5 2 0 
1 is going to be paged in
0 evicted

3 5 2 1 
2 is going to be paged in

3 5 2 1 
3 is going to be paged in

3 5 2 1 
2 is going to be paged in

3 5 2 1 
2 is going to be paged in

3 5 2 1 
4 is going to be paged in
2 evicted

3 5 4 1 
5 is going to be paged in

3 5 4 1 
0 is going to be paged in
5 evicted

3 0 4 1 
1 is going to be paged in

3 0 4 1 
3 is going to be paged in

3 0 4 1 
3 is going to be paged in

3 0 4 1 
0 is going to be paged in

3 0 4 1 
4 is going to be paged in

3 0 4 1 
1 is going to be paged in

3 0 4 1 
2 is going to be paged in
3 evicted

2 0 4 1 
6 is going to be paged in
0 evicted

2 6 4 1 
0 is going to be paged in
2 evicted

0 6 4 1 
0 is going to be paged in

0 6 4 1 
4 is going to be paged in

0 6 4 1 
2 is going to be paged in
1 evicted

0 6 4 2 
3 is going to be paged in
2 evicted

0 6 4 3 
3 is going to be paged in

0 6 4 3 
2 is going to be paged in
6 evicted


RP run 5 ************************************
-1 -1 -1 -1 
9 is going to be paged in

9 -1 -1 -1 
7 is going to be paged in

9 7 -1 -1 
2 is going to be paged in

9 7 2 -1 
1 is going to be paged in

9 7 2 1 
6 is going to be paged in
2 evicted

9 7 6 1 
4 is going to be paged in
1 evicted

9 7 6 4 
3 is going to be paged in
6 evicted

9 7 3 4 
3 is going to be paged in

9 7 3 4 
4 is going to be paged in

9 7 3 4 
9 is going to be paged in

9 7 3 4 
4 is going to be paged in

9 7 3 4 
0 is going to be paged in
9 evicted

0 7 3 4 
2 is going to be paged in
7 evicted

0 2 3 4 
6 is going to be paged in
2 evicted

0 6 3 4 
2 is going to be paged in
6 evicted

0 2 3 4 
5 is going to be paged in
2 evicted

0 5 3 4 
0 is going to be paged in

0 5 3 4 
4 is going to be paged in

0 5 3 4 
1 is going to be paged in
4 evicted

0 5 3 1 
5 is going to be paged in

0 5 3 1 
4 is going to be paged in
5 evicted

0 4 3 1 
5 is going to be paged in
1 evicted

0 4 3 5 
6 is going to be paged in
5 evicted

0 4 3 6 
3 is going to be paged in

0 4 3 6 
1 is going to be paged in
6 evicted

0 4 3 1 
1 is going to be paged in

0 4 3 1 
2 is going to be paged in
0 evicted

2 4 3 1 
5 is going to be paged in
3 evicted

2 4 5 1 
4 is going to be paged in

2 4 5 1 
6 is going to be paged in
5 evicted

2 4 6 1 
4 is going to be paged in

2 4 6 1 
2 is going to be paged in

2 4 6 1 
1 is going to be paged in

2 4 6 1 
4 is going to be paged in

2 4 6 1 
5 is going to be paged in
6 evicted

2 4 5 1 
2 is going to be paged in

2 4 5 1 
6 is going to be paged in
4 evicted

2 6 5 1 
0 is going to be paged in
5 evicted

2 6 0 1 
5 is going to be paged in
2 evicted

5 6 0 1 
0 is going to be paged in

5 6 0 1 
3 is going to be paged in
0 evicted

5 6 3 1 
1 is going to be paged in

5 6 3 1 
2 is going to be paged in
1 evicted

5 6 3 2 
3 is going to be paged in

5 6 3 2 
2 is going to be paged in

5 6 3 2 
1 is going to be paged in
2 evicted

5 6 3 1 
1 is going to be paged in

5 6 3 1 
3 is going to be paged in

5 6 3 1 
1 is going to be paged in

5 6 3 1 
0 is going to be paged in
6 evicted

5 0 3 1 
1 is going to be paged in

5 0 3 1 
1 is going to be paged in

5 0 3 1 
6 is going to be paged in
0 evicted

5 6 3 1 
5 is going to be paged in

5 6 3 1 
5 is going to be paged in

5 6 3 1 
1 is going to be paged in

5 6 3 1 
1 is going to be paged in

5 6 3 1 
4 is going to be paged in
3 evicted

5 6 4 1 
3 is going to be paged in
6 evicted

5 3 4 1 
1 is going to be paged in

5 3 4 1 
5 is going to be paged in

5 3 4 1 
1 is going to be paged in

5 3 4 1 
6 is going to be paged in
1 evicted

5 3 4 6 
5 is going to be paged in

5 3 4 6 
3 is going to be paged in

5 3 4 6 
1 is going to be paged in
4 evicted

5 3 1 6 
1 is going to be paged in

5 3 1 6 
4 is going to be paged in
3 evicted

5 4 1 6 
2 is going to be paged in
6 evicted

5 4 1 2 
9 is going to be paged in
4 evicted

5 9 1 2 
4 is going to be paged in
2 evicted

5 9 1 4 
4 is going to be paged in

5 9 1 4 
4 is going to be paged in

5 9 1 4 
3 is going to be paged in
5 evicted

3 9 1 4 
3 is going to be paged in

3 9 1 4 
6 is going to be paged in
3 evicted

6 9 1 4 
1 is going to be paged in

6 9 1 4 
5 is going to be paged in
9 evicted

6 5 1 4 
4 is going to be paged in

6 5 1 4 
2 is going to be paged in
5 evicted

6 2 1 4 
3 is going to be paged in
2 evicted

6 3 1 4 
2 is going to be paged in
6 evicted

2 3 1 4 
1 is going to be paged in

2 3 1 4 
1 is going to be paged in

2 3 1 4 
3 is going to be paged in

2 3 1 4 
5 is going to be paged in
1 evicted

2 3 5 4 
5 is going to be paged in

2 3 5 4 
2 is going to be paged in

2 3 5 4 
2 is going to be paged in

2 3 5 4 
0 is going to be paged in
2 evicted

0 3 5 4 
4 is going to be paged in

0 3 5 4 
3 is going to be paged in

0 3 5 4 
1 is going to be paged in
3 evicted

0 1 5 4 
0 is going to be paged in

0 1 5 4 
2 is going to be paged in
0 evicted

2 1 5 4 
6 is going to be paged in
2 evicted

6 1 5 4 
2 is going to be paged in
5 evicted

6 1 2 4 
7 is going to be paged in
1 evicted

6 7 2 4 
0 is going to be paged in
7 evicted

6 0 2 4 
5 is going to be paged in
2 evicted


Average hit ratio FIFO: 61.40%
Average hit ratio LRU: 62.40%
Average hit ratio LFU: 46.80%
Average hit ratio MFU: 39.60%
Average hit ratio RP: 46.20%
